<?xml version="1.0" encoding="utf-8"?>
<TestRun id="68acd7a2-3412-4b6e-a213-1f12f94555ac" name="Usuario@DESKTOP-N6E0ED2 2026-06-17 10:42:39" runUser="DESKTOP-N6E0ED2\Usuario" xmlns="http://microsoft.com/schemas/VisualStudio/TeamTest/2010">
  <Times creation="2026-06-17T10:42:39.3247119-03:00" queuing="2026-06-17T10:42:39.3247122-03:00" start="2026-06-17T10:42:38.7119156-03:00" finish="2026-06-17T10:42:43.1893442-03:00" />
  <TestSettings name="default" id="837c5697-d789-4b18-b0d8-d975efbac46f">
    <Deployment runDeploymentRoot="Usuario_DESKTOP-N6E0ED2_2026-06-17_10_42_39" />
  </TestSettings>
  <Results>
    <UnitTestResult executionId="db657979-3cba-4c1b-9c5b-992bd70897a5" testId="22358da8-974c-e5df-0bf9-3ce73b93335d" testName="Api.Tests.Bookings.SubmitBookingFeedbackServiceTests.HandleAsync_ShouldPersistFeedbackAndMarkBookingAsSubmitted" computerName="DESKTOP-N6E0ED2" duration="00:00:00.3645302" startTime="2026-06-17T10:42:42.0943655-03:00" endTime="2026-06-17T10:42:42.0943658-03:00" testType="13cdc9d9-ddb5-4fa4-a97d-d965ccfc6d4b" outcome="Passed" testListId="8c84fa94-04c1-424b-9868-57a2d4851a1d" relativeResultsDirectory="db657979-3cba-4c1b-9c5b-992bd70897a5" />
    <UnitTestResult executionId="f68f7bb7-e49a-4c33-8c40-36f5290da7c8" testId="b7252295-fb09-cf0a-a0c0-161bb0c775d4" testName="Api.Tests.Bookings.CancelBookingServiceTests.HandleAsync_ShouldCancelRequestedOrConfirmedBooking(confirmBeforeCancel: False)" computerName="DESKTOP-N6E0ED2" duration="00:00:00.3188198" startTime="2026-06-17T10:42:41.0760338-03:00" endTime="2026-06-17T10:42:41.0760341-03:00" testType="13cdc9d9-ddb5-4fa4-a97d-d965ccfc6d4b" outcome="Passed" testListId="8c84fa94-04c1-424b-9868-57a2d4851a1d" relativeResultsDirectory="f68f7bb7-e49a-4c33-8c40-36f5290da7c8" />
    <UnitTestResult executionId="fa1a3f2a-437a-4923-89d4-62535d7ff6ac" testId="3b8244e3-3ae2-16c7-2747-260e1dad14a1" testName="Api.Tests.Empresas.ListPublicEmpresasRequestValidatorTests.Validate_ShouldRejectUnsupportedOrderDirection" computerName="DESKTOP-N6E0ED2" duration="00:00:00.0121738" startTime="2026-06-17T10:42:40.2445620-03:00" endTime="2026-06-17T10:42:40.2445623-03:00" testType="13cdc9d9-ddb5-4fa4-a97d-d965ccfc6d4b" outcome="Passed" testListId="8c84fa94-04c1-424b-9868-57a2d4851a1d" relativeResultsDirectory="fa1a3f2a-437a-4923-89d4-62535d7ff6ac" />
    <UnitTestResult executionId="9cd9d3e8-77bb-4e75-b61e-54613124518b" testId="cf56e72c-a54e-b6f0-e0e4-5f2ec045376c" testName="Api.Tests.Empresas.UpdateEmpresaPublicProfileServiceTests.HandleAsync_ShouldResetAutomationStateWhenDesiredDomainIsRemoved" computerName="DESKTOP-N6E0ED2" duration="00:00:00.0034434" startTime="2026-06-17T10:42:40.3159104-03:00" endTime="2026-06-17T10:42:40.3159105-03:00" testType="13cdc9d9-ddb5-4fa4-a97d-d965ccfc6d4b" outcome="Passed" testListId="8c84fa94-04c1-424b-9868-57a2d4851a1d" relativeResultsDirectory="9cd9d3e8-77bb-4e75-b61e-54613124518b" />
    <UnitTestResult executionId="9da84cce-bbb4-4fd1-8830-4df4c7b056ba" testId="c36f8915-b651-eeac-6f9b-f7d1fa7bbea9" testName="Api.Tests.Bookings.SubmitBookingFeedbackRequestValidatorTests.Validate_ShouldRejectPetshopRatingOutsideScale(rating: 0)" computerName="DESKTOP-N6E0ED2" duration="00:00:00.0004485" startTime="2026-06-17T10:42:40.2815610-03:00" endTime="2026-06-17T10:42:40.2815611-03:00" testType="13cdc9d9-ddb5-4fa4-a97d-d965ccfc6d4b" outcome="Passed" testListId="8c84fa94-04c1-424b-9868-57a2d4851a1d" relativeResultsDirectory="9da84cce-bbb4-4fd1-8830-4df4c7b056ba" />
    <UnitTestResult executionId="4a9af265-4ddc-45e8-86b3-7dfb6175dcc4" testId="4b068e8b-027a-cac0-60ed-7e0232859dd7" testName="Api.Tests.Bookings.CheckBookingFeedbackEligibilityServiceTests.HandleAsync_ShouldAllowCompletedBookingWithValidToken" computerName="DESKTOP-N6E0ED2" duration="00:00:00.6004012" startTime="2026-06-17T10:42:40.9219837-03:00" endTime="2026-06-17T10:42:40.9219838-03:00" testType="13cdc9d9-ddb5-4fa4-a97d-d965ccfc6d4b" outcome="Passed" testListId="8c84fa94-04c1-424b-9868-57a2d4851a1d" relativeResultsDirectory="4a9af265-4ddc-45e8-86b3-7dfb6175dcc4" />
    <UnitTestResult executionId="476fa702-6fae-4719-9b5f-2ceca068f8d8" testId="6ea756b8-c635-047e-4ebc-b57953ef6307" testName="Api.Tests.Bookings.CheckBookingStatusServiceTests.HandleAsync_ShouldRejectInvalidToken" computerName="DESKTOP-N6E0ED2" duration="00:00:00.3532153" startTime="2026-06-17T10:42:43.1264947-03:00" endTime="2026-06-17T10:42:43.1264950-03:00" testType="13cdc9d9-ddb5-4fa4-a97d-d965ccfc6d4b" outcome="Passed" testListId="8c84fa94-04c1-424b-9868-57a2d4851a1d" relativeResultsDirectory="476fa702-6fae-4719-9b5f-2ceca068f8d8" />
    <UnitTestResult executionId="3a824937-159b-463f-aaae-c40d7ecc29bb" testId="bf5669aa-9eb9-d0b1-e6fe-438aebcb871b" testName="Api.Tests.Bookings.SubmitBookingFeedbackServiceTests.HandleAsync_ShouldRejectDuplicateSubmission" computerName="DESKTOP-N6E0ED2" duration="00:00:00.4279134" startTime="2026-06-17T10:42:41.3385441-03:00" endTime="2026-06-17T10:42:41.3385445-03:00" testType="13cdc9d9-ddb5-4fa4-a97d-d965ccfc6d4b" outcome="Passed" testListId="8c84fa94-04c1-424b-9868-57a2d4851a1d" relativeResultsDirectory="3a824937-159b-463f-aaae-c40d7ecc29bb" />
    <UnitTestResult executionId="f8c19418-5218-41ac-a21f-48aafc21c29f" testId="e1d6bbc4-07c7-97f2-9d5b-584eb04d364a" testName="Api.Tests.Empresas.GetPublicEmpresaBySlugServiceTests.HandleAsync_ShouldReturnRatingSummaryWhenFeedbackExists" computerName="DESKTOP-N6E0ED2" duration="00:00:00.0707954" startTime="2026-06-17T10:42:40.3136890-03:00" endTime="2026-06-17T10:42:40.3136895-03:00" testType="13cdc9d9-ddb5-4fa4-a97d-d965ccfc6d4b" outcome="Passed" testListId="8c84fa94-04c1-424b-9868-57a2d4851a1d" relativeResultsDirectory="f8c19418-5218-41ac-a21f-48aafc21c29f" />
    <UnitTestResult executionId="e8a0d93c-47bb-49bb-bb88-d43b28b63b2c" testId="06269f0e-ec32-56f4-4b4c-7922b7a75270" testName="Api.Tests.Empresas.GetEmpresaPublicProfileServiceTests.HandleAsync_ShouldExposeNotificationMetadata" computerName="DESKTOP-N6E0ED2" duration="00:00:00.0050519" startTime="2026-06-17T10:42:40.2446659-03:00" endTime="2026-06-17T10:42:40.2446661-03:00" testType="13cdc9d9-ddb5-4fa4-a97d-d965ccfc6d4b" outcome="Passed" testListId="8c84fa94-04c1-424b-9868-57a2d4851a1d" relativeResultsDirectory="e8a0d93c-47bb-49bb-bb88-d43b28b63b2c" />
    <UnitTestResult executionId="938ed2e6-1dda-416f-a9a2-08ac43baf25b" testId="d9f06cbe-b5bd-ff5d-476c-7d086c286959" testName="Api.Tests.Empresas.GetEmpresaPublicProfileServiceTests.HandleAsync_ShouldExposeApexGuidanceMetadata" computerName="DESKTOP-N6E0ED2" duration="00:00:00.9268387" startTime="2026-06-17T10:42:40.2239660-03:00" endTime="2026-06-17T10:42:40.2239663-03:00" testType="13cdc9d9-ddb5-4fa4-a97d-d965ccfc6d4b" outcome="Passed" testListId="8c84fa94-04c1-424b-9868-57a2d4851a1d" relativeResultsDirectory="938ed2e6-1dda-416f-a9a2-08ac43baf25b" />
    <UnitTestResult executionId="c483a8de-1cb4-42a3-a2dd-729f35043a8c" testId="1e98ce8d-4c0b-dc84-fe48-ebdd8d3a4b1d" testName="Api.Tests.Bookings.CheckBookingStatusServiceTests.HandleAsync_ShouldReturnPublicStatusAcrossLifecycleStates(state: &quot;confirmed&quot;)" computerName="DESKTOP-N6E0ED2" duration="00:00:00.3610304" startTime="2026-06-17T10:42:42.0660135-03:00" endTime="2026-06-17T10:42:42.0660139-03:00" testType="13cdc9d9-ddb5-4fa4-a97d-d965ccfc6d4b" outcome="Passed" testListId="8c84fa94-04c1-424b-9868-57a2d4851a1d" relativeResultsDirectory="c483a8de-1cb4-42a3-a2dd-729f35043a8c" />
    <UnitTestResult executionId="d5c8d00a-f406-4872-a631-bfff0a45a391" testId="9f9f48d7-5f2e-21fb-b4dc-4dfbe0fd5b86" testName="Api.Tests.Bookings.GetBookingByIdServiceTests.HandleAsync_ShouldReturnOperationalViewForCompletedBooking" computerName="DESKTOP-N6E0ED2" duration="00:00:00.2476005" startTime="2026-06-17T10:42:41.8470938-03:00" endTime="2026-06-17T10:42:41.8470941-03:00" testType="13cdc9d9-ddb5-4fa4-a97d-d965ccfc6d4b" outcome="Passed" testListId="8c84fa94-04c1-424b-9868-57a2d4851a1d" relativeResultsDirectory="d5c8d00a-f406-4872-a631-bfff0a45a391" />
    <UnitTestResult executionId="3187c5aa-7ce3-459c-914a-f20dcaec6c81" testId="9e9f8815-b940-0571-dd69-b59bad63c478" testName="Api.Tests.Bookings.CompleteBookingRequestValidatorTests.Validate_ShouldRejectFinalPriceWithMoreThanTwoDecimalPlaces" computerName="DESKTOP-N6E0ED2" duration="00:00:00.0011482" startTime="2026-06-17T10:42:39.3110449-03:00" endTime="2026-06-17T10:42:39.3110450-03:00" testType="13cdc9d9-ddb5-4fa4-a97d-d965ccfc6d4b" outcome="Passed" testListId="8c84fa94-04c1-424b-9868-57a2d4851a1d" relativeResultsDirectory="3187c5aa-7ce3-459c-914a-f20dcaec6c81" />
    <UnitTestResult executionId="5e29ecaa-51d6-4124-99be-a623d7a45fae" testId="50bd9b1c-6209-b8cd-45c3-854a6d381330" testName="Api.Tests.Bookings.SubmitBookingFeedbackServiceTests.HandleAsync_ShouldRejectWhenBookingIsNotCompleted" computerName="DESKTOP-N6E0ED2" duration="00:00:00.5830895" startTime="2026-06-17T10:42:40.9105045-03:00" endTime="2026-06-17T10:42:40.9105047-03:00" testType="13cdc9d9-ddb5-4fa4-a97d-d965ccfc6d4b" outcome="Passed" testListId="8c84fa94-04c1-424b-9868-57a2d4851a1d" relativeResultsDirectory="5e29ecaa-51d6-4124-99be-a623d7a45fae" />
    <UnitTestResult executionId="19c5545b-d64e-4a20-a319-cb7cb7c89894" testId="21350474-629d-77e8-a163-56bb5085aaf0" testName="Api.Tests.Bookings.ListBookingFeedbackServiceTests.HandleAsync_ShouldFilterFeedbackEntriesWithinTenantScope" computerName="DESKTOP-N6E0ED2" duration="00:00:00.0380129" startTime="2026-06-17T10:42:40.2426541-03:00" endTime="2026-06-17T10:42:40.2426544-03:00" testType="13cdc9d9-ddb5-4fa4-a97d-d965ccfc6d4b" outcome="Passed" testListId="8c84fa94-04c1-424b-9868-57a2d4851a1d" relativeResultsDirectory="19c5545b-d64e-4a20-a319-cb7cb7c89894" />
    <UnitTestResult executionId="ec72955d-3a8a-47f1-9b1a-3c0342ed572d" testId="0ab0896c-fee8-42c1-5f03-3765ae5865b2" testName="Api.Tests.Empresas.UpdateEmpresaPublicProfileServiceTests.HandleAsync_ShouldReturnDegradedMonitoringFieldsWhenActiveDomainIsDegraded" computerName="DESKTOP-N6E0ED2" duration="00:00:00.0024686" startTime="2026-06-17T10:42:40.3218927-03:00" endTime="2026-06-17T10:42:40.3218929-03:00" testType="13cdc9d9-ddb5-4fa4-a97d-d965ccfc6d4b" outcome="Passed" testListId="8c84fa94-04c1-424b-9868-57a2d4851a1d" relativeResultsDirectory="ec72955d-3a8a-47f1-9b1a-3c0342ed572d" />
    <UnitTestResult executionId="ebf58f05-2adb-4a11-8df2-769499edbd92" testId="ee05c916-2070-cffa-34ee-f3a5317d822f" testName="Api.Tests.Bookings.CompleteBookingServiceTests.HandleAsync_ShouldCompleteConfirmedBookingAndPersistFinalPrice" computerName="DESKTOP-N6E0ED2" duration="00:00:00.2949619" startTime="2026-06-17T10:42:41.0124617-03:00" endTime="2026-06-17T10:42:41.0124622-03:00" testType="13cdc9d9-ddb5-4fa4-a97d-d965ccfc6d4b" outcome="Passed" testListId="8c84fa94-04c1-424b-9868-57a2d4851a1d" relativeResultsDirectory="ebf58f05-2adb-4a11-8df2-769499edbd92" />
    <UnitTestResult executionId="2a8071db-d13e-46e4-a0ac-79f98053cf8f" testId="e2893d40-fcff-2336-9772-91463aaafb3c" testName="Api.Tests.Bookings.ListBookingsServiceTests.HandleAsync_ShouldReturnCancellationAndNoShowMetadata" computerName="DESKTOP-N6E0ED2" duration="00:00:01.3652625" startTime="2026-06-17T10:42:40.6408821-03:00" endTime="2026-06-17T10:42:40.6408824-03:00" testType="13cdc9d9-ddb5-4fa4-a97d-d965ccfc6d4b" outcome="Passed" testListId="8c84fa94-04c1-424b-9868-57a2d4851a1d" relativeResultsDirectory="2a8071db-d13e-46e4-a0ac-79f98053cf8f" />
    <UnitTestResult executionId="27a8acb6-b7a9-4719-b03f-68fbbf1ee531" testId="0bf4f439-7af1-d4ef-943f-c09bca484647" testName="Api.Tests.DomainNotificationConsumerTests.Placeholder" computerName="DESKTOP-N6E0ED2" duration="00:00:00.0001592" startTime="2026-06-17T10:42:41.0172858-03:00" endTime="2026-06-17T10:42:41.0172978-03:00" testType="13cdc9d9-ddb5-4fa4-a97d-d965ccfc6d4b" outcome="Passed" testListId="8c84fa94-04c1-424b-9868-57a2d4851a1d" relativeResultsDirectory="27a8acb6-b7a9-4719-b03f-68fbbf1ee531" />
    <UnitTestResult executionId="db954fb1-258d-49d6-97fa-7a0d837986ed" testId="b4877c31-0e0f-ab72-c4fb-3d8334304dde" testName="Api.Tests.Bookings.CheckBookingStatusRequestValidatorTests.Validate_ShouldRejectMissingStatusToken" computerName="DESKTOP-N6E0ED2" duration="00:00:00.0005197" startTime="2026-06-17T10:42:41.0166137-03:00" endTime="2026-06-17T10:42:41.0166138-03:00" testType="13cdc9d9-ddb5-4fa4-a97d-d965ccfc6d4b" outcome="Passed" testListId="8c84fa94-04c1-424b-9868-57a2d4851a1d" relativeResultsDirectory="db954fb1-258d-49d6-97fa-7a0d837986ed" />
    <UnitTestResult executionId="52a519d7-1728-4b04-9ca8-77e368568494" testId="cbb7d64f-8f55-f48f-4a45-d978a27a25b1" testName="Api.Tests.Empresas.ListPublicEmpresasRequestValidatorTests.Validate_ShouldRejectMinRatingOutsideScale(minRating: 5,1)" computerName="DESKTOP-N6E0ED2" duration="00:00:00.0018786" startTime="2026-06-17T10:42:40.2465797-03:00" endTime="2026-06-17T10:42:40.2465801-03:00" testType="13cdc9d9-ddb5-4fa4-a97d-d965ccfc6d4b" outcome="Passed" testListId="8c84fa94-04c1-424b-9868-57a2d4851a1d" relativeResultsDirectory="52a519d7-1728-4b04-9ca8-77e368568494" />
    <UnitTestResult executionId="6496b450-903f-406b-b7b2-aed78c3b7a62" testId="771506f1-52d8-6124-340a-b1e32b4d00aa" testName="Api.Tests.ProfessionalServiceAssignments.ProfessionalServiceAssignmentServiceTests.HandleAsync_ShouldRejectDuplicateAssignments" computerName="DESKTOP-N6E0ED2" duration="00:00:00.9452883" startTime="2026-06-17T10:42:40.2206957-03:00" endTime="2026-06-17T10:42:40.2206961-03:00" testType="13cdc9d9-ddb5-4fa4-a97d-d965ccfc6d4b" outcome="Passed" testListId="8c84fa94-04c1-424b-9868-57a2d4851a1d" relativeResultsDirectory="6496b450-903f-406b-b7b2-aed78c3b7a62" />
    <UnitTestResult executionId="5f6457cf-1ac1-4cc5-99b0-c3509c7d53aa" testId="cf8ca2da-4af9-b7c8-67c5-f869289ffebd" testName="Api.Tests.Empresas.StorefrontDomainVerificationServiceTests.ProcessPendingAsync_ShouldRecordDegradedMonitoringAndRevertToFallback" computerName="DESKTOP-N6E0ED2" duration="00:00:00.0027659" startTime="2026-06-17T10:42:40.2726589-03:00" endTime="2026-06-17T10:42:40.2726592-03:00" testType="13cdc9d9-ddb5-4fa4-a97d-d965ccfc6d4b" outcome="Passed" testListId="8c84fa94-04c1-424b-9868-57a2d4851a1d" relativeResultsDirectory="5f6457cf-1ac1-4cc5-99b0-c3509c7d53aa" />
    <UnitTestResult executionId="ef9b3940-1243-4724-85a6-bb16c9d48dce" testId="ce5e73c7-5a1b-451c-fc29-f6072892cf2c" testName="Api.Tests.Bookings.CheckBookingFeedbackEligibilityServiceTests.HandleAsync_ShouldRejectInvalidToken" computerName="DESKTOP-N6E0ED2" duration="00:00:00.4207836" startTime="2026-06-17T10:42:41.3428862-03:00" endTime="2026-06-17T10:42:41.3428865-03:00" testType="13cdc9d9-ddb5-4fa4-a97d-d965ccfc6d4b" outcome="Passed" testListId="8c84fa94-04c1-424b-9868-57a2d4851a1d" relativeResultsDirectory="ef9b3940-1243-4724-85a6-bb16c9d48dce" />
    <UnitTestResult executionId="ec52fe77-baa1-4a15-a8f6-62cdf043dd80" testId="40005f34-46f4-ca47-0bf9-b76fd4fe0c4b" testName="Api.Tests.Empresas.ListPublicEmpresasServiceTests.HandleAsync_ShouldOrderRatedPetshopsBeforeUnratedWhenSortingByRating" computerName="DESKTOP-N6E0ED2" duration="00:00:00.0085968" startTime="2026-06-17T10:42:40.3183297-03:00" endTime="2026-06-17T10:42:40.3183299-03:00" testType="13cdc9d9-ddb5-4fa4-a97d-d965ccfc6d4b" outcome="Passed" testListId="8c84fa94-04c1-424b-9868-57a2d4851a1d" relativeResultsDirectory="ec52fe77-baa1-4a15-a8f6-62cdf043dd80" />
    <UnitTestResult executionId="8f18409c-e564-43af-bf78-c59f53e52f54" testId="bef9f228-9870-c813-cccb-7abe1013f200" testName="Api.Tests.Empresas.UpdateEmpresaPublicProfileServiceTests.HandleAsync_ShouldResetAutomationStateWhenDesiredDomainChanges" computerName="DESKTOP-N6E0ED2" duration="00:00:00.0030103" startTime="2026-06-17T10:42:40.3190233-03:00" endTime="2026-06-17T10:42:40.3190235-03:00" testType="13cdc9d9-ddb5-4fa4-a97d-d965ccfc6d4b" outcome="Passed" testListId="8c84fa94-04c1-424b-9868-57a2d4851a1d" relativeResultsDirectory="8f18409c-e564-43af-bf78-c59f53e52f54" />
    <UnitTestResult executionId="352678a9-0131-4f87-b921-490430bb88b2" testId="2f1040ca-58e6-1b17-ed32-b3acf943c788" testName="Api.Tests.Bookings.BookingLifecycleEventTests.HandleAsync_ShouldIgnoreLateQueueOutcomesAfterRequestedCancellation(useConfirmedEvent: False)" computerName="DESKTOP-N6E0ED2" duration="00:00:00.5005030" startTime="2026-06-17T10:42:40.7485795-03:00" endTime="2026-06-17T10:42:40.7485797-03:00" testType="13cdc9d9-ddb5-4fa4-a97d-d965ccfc6d4b" outcome="Passed" testListId="8c84fa94-04c1-424b-9868-57a2d4851a1d" relativeResultsDirectory="352678a9-0131-4f87-b921-490430bb88b2" />
    <UnitTestResult executionId="324930ce-c593-4f73-a7a1-8c4fca3a8683" testId="c43a1b7f-28a2-5c35-0e62-8afb2535de0f" testName="Api.Tests.EmailNotificationProviderTests.Deduplication_Skips_When_Last_Category_Matches" computerName="DESKTOP-N6E0ED2" duration="00:00:00.0074787" startTime="2026-06-17T10:42:39.3646279-03:00" endTime="2026-06-17T10:42:39.3646282-03:00" testType="13cdc9d9-ddb5-4fa4-a97d-d965ccfc6d4b" outcome="Passed" testListId="8c84fa94-04c1-424b-9868-57a2d4851a1d" relativeResultsDirectory="324930ce-c593-4f73-a7a1-8c4fca3a8683" />
    <UnitTestResult executionId="1b93f959-9983-4e2a-8ee2-8f60b5226239" testId="9562b7f9-c630-6680-5d8c-1d918629ba93" testName="Api.Tests.Bookings.CheckBookingStatusServiceTests.HandleAsync_ShouldReturnPublicStatusAcrossLifecycleStates(state: &quot;rejected&quot;)" computerName="DESKTOP-N6E0ED2" duration="00:00:00.3540163" startTime="2026-06-17T10:42:42.4203189-03:00" endTime="2026-06-17T10:42:42.4203191-03:00" testType="13cdc9d9-ddb5-4fa4-a97d-d965ccfc6d4b" outcome="Passed" testListId="8c84fa94-04c1-424b-9868-57a2d4851a1d" relativeResultsDirectory="1b93f959-9983-4e2a-8ee2-8f60b5226239" />
    <UnitTestResult executionId="dd45973d-34c1-4891-8225-6ff7c657fbd3" testId="239746b5-1d40-40bc-c2ba-513baa2bb136" testName="Api.Tests.Bookings.CompleteBookingRequestValidatorTests.Validate_ShouldRejectNegativeFinalPrice" computerName="DESKTOP-N6E0ED2" duration="00:00:00.0313101" startTime="2026-06-17T10:42:39.3035733-03:00" endTime="2026-06-17T10:42:39.3035734-03:00" testType="13cdc9d9-ddb5-4fa4-a97d-d965ccfc6d4b" outcome="Passed" testListId="8c84fa94-04c1-424b-9868-57a2d4851a1d" relativeResultsDirectory="dd45973d-34c1-4891-8225-6ff7c657fbd3" />
    <UnitTestResult executionId="653aadb5-e2ff-48d7-88cf-6974178b3cae" testId="3b526311-b7b7-19b8-5a7c-047bbb6c1896" testName="Api.Tests.Empresas.StorefrontDomainVerificationServiceTests.ProcessPendingAsync_ShouldKeepDnsVerifiedAndRetryTlsWhenHttpsIsNotReady" computerName="DESKTOP-N6E0ED2" duration="00:00:00.0028417" startTime="2026-06-17T10:42:40.2697920-03:00" endTime="2026-06-17T10:42:40.2697923-03:00" testType="13cdc9d9-ddb5-4fa4-a97d-d965ccfc6d4b" outcome="Passed" testListId="8c84fa94-04c1-424b-9868-57a2d4851a1d" relativeResultsDirectory="653aadb5-e2ff-48d7-88cf-6974178b3cae" />
    <UnitTestResult executionId="12e126c1-b9db-4e28-839a-73c4f7f0ec08" testId="c3e8f390-f82b-892d-c661-008f523bc0c3" testName="Api.Tests.Bookings.GetBookingFeedbackSummaryServiceTests.HandleAsync_ShouldAggregateOnlyAuthenticatedTenantFeedback" computerName="DESKTOP-N6E0ED2" duration="00:00:00.9477470" startTime="2026-06-17T10:42:40.2526476-03:00" endTime="2026-06-17T10:42:40.2526479-03:00" testType="13cdc9d9-ddb5-4fa4-a97d-d965ccfc6d4b" outcome="Passed" testListId="8c84fa94-04c1-424b-9868-57a2d4851a1d" relativeResultsDirectory="12e126c1-b9db-4e28-839a-73c4f7f0ec08" />
    <UnitTestResult executionId="761297f1-5950-4532-84b1-e2dd084872ed" testId="a4244d7b-ed39-84d7-0127-bc791e3d2e9a" testName="Api.Tests.Bookings.SubmitBookingFeedbackRequestValidatorTests.Validate_ShouldRejectProfessionalRatingOutsideScale(rating: 0)" computerName="DESKTOP-N6E0ED2" duration="00:00:00.0260948" startTime="2026-06-17T10:42:40.2804486-03:00" endTime="2026-06-17T10:42:40.2804488-03:00" testType="13cdc9d9-ddb5-4fa4-a97d-d965ccfc6d4b" outcome="Passed" testListId="8c84fa94-04c1-424b-9868-57a2d4851a1d" relativeResultsDirectory="761297f1-5950-4532-84b1-e2dd084872ed" />
    <UnitTestResult executionId="43e4d227-555c-4191-95b0-bcbabfc651b2" testId="ddb0cf33-06c3-60e0-d942-f7bda6f50c90" testName="Api.Tests.Empresas.StorefrontDomainVerificationServiceTests.ProcessPendingAsync_ShouldRestoreActiveDomainAfterDegradation" computerName="DESKTOP-N6E0ED2" duration="00:00:00.9567402" startTime="2026-06-17T10:42:40.2321307-03:00" endTime="2026-06-17T10:42:40.2321311-03:00" testType="13cdc9d9-ddb5-4fa4-a97d-d965ccfc6d4b" outcome="Passed" testListId="8c84fa94-04c1-424b-9868-57a2d4851a1d" relativeResultsDirectory="43e4d227-555c-4191-95b0-bcbabfc651b2" />
    <UnitTestResult executionId="ebd3400d-9a25-4226-a898-37cdff9cf6ad" testId="658dc421-756e-52f5-9b74-5df9d8a74732" testName="Api.Tests.Empresas.StorefrontDomainVerificationServiceTests.ProcessPendingAsync_ShouldHandOffDnsSuccessToTlsProvisioningAndActivateWhenHttpsIsReady" computerName="DESKTOP-N6E0ED2" duration="00:00:00.0036640" startTime="2026-06-17T10:42:40.2535789-03:00" endTime="2026-06-17T10:42:40.2535790-03:00" testType="13cdc9d9-ddb5-4fa4-a97d-d965ccfc6d4b" outcome="Passed" testListId="8c84fa94-04c1-424b-9868-57a2d4851a1d" relativeResultsDirectory="ebd3400d-9a25-4226-a898-37cdff9cf6ad" />
    <UnitTestResult executionId="921beda1-b763-441a-8e9e-463b0bb4088e" testId="e58c650e-5658-fbdc-3f16-000ff0dcbd94" testName="Api.Tests.Empresas.GetPublicEmpresaByHostServiceTests.HandleAsync_ShouldResolvePublishedEmpresaWhenActiveCustomDomainMatches" computerName="DESKTOP-N6E0ED2" duration="00:00:00.0119269" startTime="2026-06-17T10:42:40.3141779-03:00" endTime="2026-06-17T10:42:40.3141781-03:00" testType="13cdc9d9-ddb5-4fa4-a97d-d965ccfc6d4b" outcome="Passed" testListId="8c84fa94-04c1-424b-9868-57a2d4851a1d" relativeResultsDirectory="921beda1-b763-441a-8e9e-463b0bb4088e" />
    <UnitTestResult executionId="6bfc7690-0b0e-4ea5-8379-692a5945d3e8" testId="7f2ba7a1-b838-2b6b-7c6d-a448464b4a2b" testName="Api.Tests.Bookings.CreateBookingServiceTests.HandleAsync_ShouldPersistRequestedBookingAndPublishEvent" computerName="DESKTOP-N6E0ED2" duration="00:00:00.7482943" startTime="2026-06-17T10:42:41.0438518-03:00" endTime="2026-06-17T10:42:41.0438521-03:00" testType="13cdc9d9-ddb5-4fa4-a97d-d965ccfc6d4b" outcome="Passed" testListId="8c84fa94-04c1-424b-9868-57a2d4851a1d" relativeResultsDirectory="6bfc7690-0b0e-4ea5-8379-692a5945d3e8" />
    <UnitTestResult executionId="e49945ec-023b-4499-9eb1-f3501862e538" testId="b812828b-0098-310e-fc3e-69ee171576f0" testName="Api.Tests.Empresas.StorefrontDomainVerificationServiceTests.ProcessPendingAsync_ShouldRecordDegradedMonitoringWhenDnsIsHealthyButTlsFails" computerName="DESKTOP-N6E0ED2" duration="00:00:00.0044003" startTime="2026-06-17T10:42:40.2366569-03:00" endTime="2026-06-17T10:42:40.2366572-03:00" testType="13cdc9d9-ddb5-4fa4-a97d-d965ccfc6d4b" outcome="Passed" testListId="8c84fa94-04c1-424b-9868-57a2d4851a1d" relativeResultsDirectory="e49945ec-023b-4499-9eb1-f3501862e538" />
    <UnitTestResult executionId="5343f92a-9da4-4e39-ba1d-a0cc2cfc019a" testId="d68a9777-92fd-1852-476b-b08a311f3e96" testName="Api.Tests.Bookings.BookingStatusAccessTokenServiceTests.VerifyToken_ShouldReturnTrueForMatchingToken" computerName="DESKTOP-N6E0ED2" duration="00:00:00.3011029" startTime="2026-06-17T10:42:41.0825642-03:00" endTime="2026-06-17T10:42:41.0825645-03:00" testType="13cdc9d9-ddb5-4fa4-a97d-d965ccfc6d4b" outcome="Passed" testListId="8c84fa94-04c1-424b-9868-57a2d4851a1d" relativeResultsDirectory="5343f92a-9da4-4e39-ba1d-a0cc2cfc019a" />
    <UnitTestResult executionId="18d3c390-7a68-417c-9951-16f2dc624c09" testId="f6e7016b-806a-10d0-e623-577afb01266c" testName="Api.Tests.Empresas.ListPublicEmpresasRequestValidatorTests.Validate_ShouldRejectUnsupportedOrderBy" computerName="DESKTOP-N6E0ED2" duration="00:00:00.0008743" startTime="2026-06-17T10:42:40.2485337-03:00" endTime="2026-06-17T10:42:40.2485339-03:00" testType="13cdc9d9-ddb5-4fa4-a97d-d965ccfc6d4b" outcome="Passed" testListId="8c84fa94-04c1-424b-9868-57a2d4851a1d" relativeResultsDirectory="18d3c390-7a68-417c-9951-16f2dc624c09" />
    <UnitTestResult executionId="77706f4a-0dc2-4db9-b82f-ea1b77f18446" testId="67ae95d5-1e6b-1e6b-cf73-357b3cfb30f1" testName="Api.Tests.Bookings.SubmitBookingFeedbackRequestValidatorTests.Validate_ShouldRejectPetshopRatingOutsideScale(rating: 6)" computerName="DESKTOP-N6E0ED2" duration="00:00:00.0002949" startTime="2026-06-17T10:42:40.2819047-03:00" endTime="2026-06-17T10:42:40.2819048-03:00" testType="13cdc9d9-ddb5-4fa4-a97d-d965ccfc6d4b" outcome="Passed" testListId="8c84fa94-04c1-424b-9868-57a2d4851a1d" relativeResultsDirectory="77706f4a-0dc2-4db9-b82f-ea1b77f18446" />
    <UnitTestResult executionId="d5eed05b-cf9e-49e4-9cb1-5be05760fb3d" testId="00fc815b-cf2a-7d79-c6d3-25343e0f78c0" testName="Api.Tests.Bookings.NoShowBookingServiceTests.HandleAsync_ShouldRejectNoShowForNonConfirmedBooking" computerName="DESKTOP-N6E0ED2" duration="00:00:00.5363883" startTime="2026-06-17T10:42:40.7410390-03:00" endTime="2026-06-17T10:42:40.7410393-03:00" testType="13cdc9d9-ddb5-4fa4-a97d-d965ccfc6d4b" outcome="Passed" testListId="8c84fa94-04c1-424b-9868-57a2d4851a1d" relativeResultsDirectory="d5eed05b-cf9e-49e4-9cb1-5be05760fb3d" />
    <UnitTestResult executionId="1d51b389-30cf-46fa-9be8-03a6a5e8bf2d" testId="b8759baa-2890-5b6d-2c77-ba6bfeca5e20" testName="Api.Tests.Bookings.GetBookingByIdServiceTests.HandleAsync_ShouldReturnCancellationAndNoShowDetails" computerName="DESKTOP-N6E0ED2" duration="00:00:00.5215346" startTime="2026-06-17T10:42:41.5993548-03:00" endTime="2026-06-17T10:42:41.5993551-03:00" testType="13cdc9d9-ddb5-4fa4-a97d-d965ccfc6d4b" outcome="Passed" testListId="8c84fa94-04c1-424b-9868-57a2d4851a1d" relativeResultsDirectory="1d51b389-30cf-46fa-9be8-03a6a5e8bf2d" />
    <UnitTestResult executionId="e73645e8-ec95-497e-bd74-fef99a401967" testId="313535e1-e8b7-a689-e698-863eafcc10ab" testName="Api.Tests.Bookings.CheckBookingStatusServiceTests.HandleAsync_ShouldReturnPublicStatusAcrossLifecycleStates(state: &quot;cancelled&quot;)" computerName="DESKTOP-N6E0ED2" duration="00:00:00.3820698" startTime="2026-06-17T10:42:41.7048863-03:00" endTime="2026-06-17T10:42:41.7048866-03:00" testType="13cdc9d9-ddb5-4fa4-a97d-d965ccfc6d4b" outcome="Passed" testListId="8c84fa94-04c1-424b-9868-57a2d4851a1d" relativeResultsDirectory="e73645e8-ec95-497e-bd74-fef99a401967" />
    <UnitTestResult executionId="d75f7cd9-7555-432d-adfd-408affdfed40" testId="469b5ac0-aee0-5382-2c4c-72cd1f82e5ab" testName="Api.Tests.Bookings.CheckBookingFeedbackEligibilityServiceTests.HandleAsync_ShouldReturnFalseWhenBookingIsNotCompleted" computerName="DESKTOP-N6E0ED2" duration="00:00:00.3783067" startTime="2026-06-17T10:42:41.7213371-03:00" endTime="2026-06-17T10:42:41.7213372-03:00" testType="13cdc9d9-ddb5-4fa4-a97d-d965ccfc6d4b" outcome="Passed" testListId="8c84fa94-04c1-424b-9868-57a2d4851a1d" relativeResultsDirectory="d75f7cd9-7555-432d-adfd-408affdfed40" />
    <UnitTestResult executionId="8b90e847-07af-42cc-a396-2583b762ba4a" testId="736ded2a-17b4-894b-fd47-611e82d8a04f" testName="Api.Tests.Bookings.ListBookingFeedbackRequestValidatorTests.Request_ShouldNotExposeEmpresaIdForClientBinding" computerName="DESKTOP-N6E0ED2" duration="00:00:00.0019279" startTime="2026-06-17T10:42:40.3158437-03:00" endTime="2026-06-17T10:42:40.3158440-03:00" testType="13cdc9d9-ddb5-4fa4-a97d-d965ccfc6d4b" outcome="Passed" testListId="8c84fa94-04c1-424b-9868-57a2d4851a1d" relativeResultsDirectory="8b90e847-07af-42cc-a396-2583b762ba4a" />
    <UnitTestResult executionId="9af39ca7-467c-42f9-a65c-8572876ff765" testId="820d5b29-0f99-819f-2dae-99d72394d66d" testName="Api.Tests.Bookings.GetBookingByIdServiceTests.HandleAsync_ShouldRejectCrossTenantAccess" computerName="DESKTOP-N6E0ED2" duration="00:00:00.5255817" startTime="2026-06-17T10:42:40.7376088-03:00" endTime="2026-06-17T10:42:40.7376091-03:00" testType="13cdc9d9-ddb5-4fa4-a97d-d965ccfc6d4b" outcome="Passed" testListId="8c84fa94-04c1-424b-9868-57a2d4851a1d" relativeResultsDirectory="9af39ca7-467c-42f9-a65c-8572876ff765" />
    <UnitTestResult executionId="094589b9-7a63-4d94-9a41-f322d5a9644e" testId="4fe331e0-fdfb-d9a9-a792-7b7a73e440c3" testName="Api.Tests.Empresas.StorefrontDomainDnsVerificationServiceTests.VerifyAsync_ShouldAcceptApexDomainWhenResolvedOutcomeMatchesSupportedTargets" computerName="DESKTOP-N6E0ED2" duration="00:00:00.0010839" startTime="2026-06-17T10:42:39.2985204-03:00" endTime="2026-06-17T10:42:39.2985206-03:00" testType="13cdc9d9-ddb5-4fa4-a97d-d965ccfc6d4b" outcome="Passed" testListId="8c84fa94-04c1-424b-9868-57a2d4851a1d" relativeResultsDirectory="094589b9-7a63-4d94-9a41-f322d5a9644e" />
    <UnitTestResult executionId="b379258d-03b2-4480-9b79-d716c16a5da9" testId="0e5f0f8c-e5f5-2797-0fbb-7e3d22f252e2" testName="Api.Tests.Empresas.StorefrontDomainVerificationServiceTests.ProcessPendingAsync_ShouldRecordRecoverableFailureAndScheduleRetry" computerName="DESKTOP-N6E0ED2" duration="00:00:00.0101363" startTime="2026-06-17T10:42:40.2638086-03:00" endTime="2026-06-17T10:42:40.2638093-03:00" testType="13cdc9d9-ddb5-4fa4-a97d-d965ccfc6d4b" outcome="Passed" testListId="8c84fa94-04c1-424b-9868-57a2d4851a1d" relativeResultsDirectory="b379258d-03b2-4480-9b79-d716c16a5da9" />
    <UnitTestResult executionId="02381848-acf7-446b-9c57-1fb46241bc00" testId="b34eaa80-21df-3b2e-1604-c9efd841423d" testName="Api.Tests.Bookings.SubmitBookingFeedbackServiceTests.HandleAsync_ShouldRejectInvalidToken" computerName="DESKTOP-N6E0ED2" duration="00:00:00.3910046" startTime="2026-06-17T10:42:41.7297327-03:00" endTime="2026-06-17T10:42:41.7297330-03:00" testType="13cdc9d9-ddb5-4fa4-a97d-d965ccfc6d4b" outcome="Passed" testListId="8c84fa94-04c1-424b-9868-57a2d4851a1d" relativeResultsDirectory="02381848-acf7-446b-9c57-1fb46241bc00" />
    <UnitTestResult executionId="055bcec8-3977-4700-80eb-1268020e67fe" testId="6855209b-0817-cc1a-b269-29a564734250" testName="Api.Tests.Bookings.BookingQueueOptionsTests.Validate_ShouldFailWhenRequiredSettingsAreMissing" computerName="DESKTOP-N6E0ED2" duration="00:00:00.0157867" startTime="2026-06-17T10:42:39.2964435-03:00" endTime="2026-06-17T10:42:39.2964436-03:00" testType="13cdc9d9-ddb5-4fa4-a97d-d965ccfc6d4b" outcome="Passed" testListId="8c84fa94-04c1-424b-9868-57a2d4851a1d" relativeResultsDirectory="055bcec8-3977-4700-80eb-1268020e67fe" />
    <UnitTestResult executionId="d445b6c7-fa95-41e0-a8ab-11223ca74738" testId="c087aeee-9139-93fc-86f0-aafdf95103cb" testName="Api.Tests.Bookings.CancelBookingRequestValidatorTests.Validate_ShouldRejectReasonLongerThan500Characters" computerName="DESKTOP-N6E0ED2" duration="00:00:00.0048269" startTime="2026-06-17T10:42:40.2534188-03:00" endTime="2026-06-17T10:42:40.2534191-03:00" testType="13cdc9d9-ddb5-4fa4-a97d-d965ccfc6d4b" outcome="Passed" testListId="8c84fa94-04c1-424b-9868-57a2d4851a1d" relativeResultsDirectory="d445b6c7-fa95-41e0-a8ab-11223ca74738" />
    <UnitTestResult executionId="40768851-8901-4fa9-a6e6-f4eeaf2dfdfc" testId="49c9d8ad-9abf-fdf0-504e-8a3c044cc33e" testName="Api.Tests.Bookings.GetPublicSlotsServiceTests.HandleAsync_ShouldGenerateSlotsAndExcludeConfirmedOverlap" computerName="DESKTOP-N6E0ED2" duration="00:00:00.4643929" startTime="2026-06-17T10:42:40.7783222-03:00" endTime="2026-06-17T10:42:40.7783225-03:00" testType="13cdc9d9-ddb5-4fa4-a97d-d965ccfc6d4b" outcome="Passed" testListId="8c84fa94-04c1-424b-9868-57a2d4851a1d" relativeResultsDirectory="40768851-8901-4fa9-a6e6-f4eeaf2dfdfc" />
    <UnitTestResult executionId="56975ae6-e92a-4a0b-8ba8-52e2f5042048" testId="d6345a12-8cc2-7b38-3756-4b646054d85b" testName="Api.Tests.Empresas.UpdateEmpresaPublicProfileRequestValidatorTests.ValidateAsync_ShouldAcceptApexDomain" computerName="DESKTOP-N6E0ED2" duration="00:00:00.0011040" startTime="2026-06-17T10:42:39.3110670-03:00" endTime="2026-06-17T10:42:39.3110671-03:00" testType="13cdc9d9-ddb5-4fa4-a97d-d965ccfc6d4b" outcome="Passed" testListId="8c84fa94-04c1-424b-9868-57a2d4851a1d" relativeResultsDirectory="56975ae6-e92a-4a0b-8ba8-52e2f5042048" />
    <UnitTestResult executionId="7d554e53-82a7-47be-a0df-43547457ba7e" testId="62a56055-0566-e6b4-a482-f324060943d8" testName="Api.Tests.Empresas.StorefrontDomainVerificationServiceTests.ProcessPendingAsync_ShouldRecordHealthyMonitoringForActiveDomain" computerName="DESKTOP-N6E0ED2" duration="00:00:00.0028274" startTime="2026-06-17T10:42:40.2668804-03:00" endTime="2026-06-17T10:42:40.2668807-03:00" testType="13cdc9d9-ddb5-4fa4-a97d-d965ccfc6d4b" outcome="Passed" testListId="8c84fa94-04c1-424b-9868-57a2d4851a1d" relativeResultsDirectory="7d554e53-82a7-47be-a0df-43547457ba7e" />
    <UnitTestResult executionId="724d69fa-bc48-46c6-804d-68e58b9067d5" testId="66c5536c-f3bc-8f1e-0da5-f39be41942f4" testName="Api.Tests.Bookings.BookingQueueOptionsTests.Validate_ShouldPassForCompleteConfiguration" computerName="DESKTOP-N6E0ED2" duration="00:00:00.0046957" startTime="2026-06-17T10:42:39.2986414-03:00" endTime="2026-06-17T10:42:39.2986417-03:00" testType="13cdc9d9-ddb5-4fa4-a97d-d965ccfc6d4b" outcome="Passed" testListId="8c84fa94-04c1-424b-9868-57a2d4851a1d" relativeResultsDirectory="724d69fa-bc48-46c6-804d-68e58b9067d5" />
    <UnitTestResult executionId="711f2284-afc2-4ea3-bfaa-19e38863e730" testId="b4e9e486-6d66-7aff-d354-ce8a3ffdcddb" testName="Api.Tests.Bookings.CancelBookingServiceTests.HandleAsync_ShouldCancelRequestedOrConfirmedBooking(confirmBeforeCancel: True)" computerName="DESKTOP-N6E0ED2" duration="00:00:00.4329345" startTime="2026-06-17T10:42:40.7570586-03:00" endTime="2026-06-17T10:42:40.7570587-03:00" testType="13cdc9d9-ddb5-4fa4-a97d-d965ccfc6d4b" outcome="Passed" testListId="8c84fa94-04c1-424b-9868-57a2d4851a1d" relativeResultsDirectory="711f2284-afc2-4ea3-bfaa-19e38863e730" />
    <UnitTestResult executionId="6474b0df-3e14-4e54-8b95-fec248927fbf" testId="76761347-d6e4-5bd9-f931-ddef20611dfe" testName="Api.Tests.Bookings.GetBookingByIdServiceTests.HandleAsync_ShouldReturnRejectionDetailsWhenBookingIsRejected" computerName="DESKTOP-N6E0ED2" duration="00:00:00.3400042" startTime="2026-06-17T10:42:41.0777060-03:00" endTime="2026-06-17T10:42:41.0777063-03:00" testType="13cdc9d9-ddb5-4fa4-a97d-d965ccfc6d4b" outcome="Passed" testListId="8c84fa94-04c1-424b-9868-57a2d4851a1d" relativeResultsDirectory="6474b0df-3e14-4e54-8b95-fec248927fbf" />
    <UnitTestResult executionId="5bda261d-9602-4309-9395-4acd59af700d" testId="73afec6d-e1fa-f4b3-55fb-a84679148876" testName="Api.Tests.Bookings.NoShowBookingServiceTests.HandleAsync_ShouldRejectCrossTenantNoShow" computerName="DESKTOP-N6E0ED2" duration="00:00:00.8377198" startTime="2026-06-17T10:42:40.2045850-03:00" endTime="2026-06-17T10:42:40.2045853-03:00" testType="13cdc9d9-ddb5-4fa4-a97d-d965ccfc6d4b" outcome="Passed" testListId="8c84fa94-04c1-424b-9868-57a2d4851a1d" relativeResultsDirectory="5bda261d-9602-4309-9395-4acd59af700d" />
    <UnitTestResult executionId="61ad05e5-6160-4b11-b6f4-f452433bbb90" testId="671a2968-3cd3-cf51-b5dd-3abdbff0fe81" testName="Api.Tests.Bookings.BookingLifecycleEventTests.HandleAsync_ShouldRejectBookingAndStoreReason" computerName="DESKTOP-N6E0ED2" duration="00:00:00.9428425" startTime="2026-06-17T10:42:40.2479617-03:00" endTime="2026-06-17T10:42:40.2479620-03:00" testType="13cdc9d9-ddb5-4fa4-a97d-d965ccfc6d4b" outcome="Passed" testListId="8c84fa94-04c1-424b-9868-57a2d4851a1d" relativeResultsDirectory="61ad05e5-6160-4b11-b6f4-f452433bbb90" />
    <UnitTestResult executionId="84333b1f-c695-4437-96bf-183f5c8b8ccc" testId="3640b838-f41d-a9f8-f6ad-410f84d686f7" testName="Api.Tests.DomainHealthServiceTests.GetDomainHealthAsync_returns_counts_and_recent" computerName="DESKTOP-N6E0ED2" duration="00:00:00.9066985" startTime="2026-06-17T10:42:40.2116376-03:00" endTime="2026-06-17T10:42:40.2116378-03:00" testType="13cdc9d9-ddb5-4fa4-a97d-d965ccfc6d4b" outcome="Passed" testListId="8c84fa94-04c1-424b-9868-57a2d4851a1d" relativeResultsDirectory="84333b1f-c695-4437-96bf-183f5c8b8ccc" />
    <UnitTestResult executionId="ea551d42-d31b-4072-8d09-2e91291161eb" testId="efe139e7-575d-001c-f674-a9a6eac3e9ca" testName="Api.Tests.Bookings.ListBookingsServiceTests.HandleAsync_ShouldFilterTenantBookingsByDateStateAndProfessional" computerName="DESKTOP-N6E0ED2" duration="00:00:01.0890660" startTime="2026-06-17T10:42:41.7303478-03:00" endTime="2026-06-17T10:42:41.7303481-03:00" testType="13cdc9d9-ddb5-4fa4-a97d-d965ccfc6d4b" outcome="Passed" testListId="8c84fa94-04c1-424b-9868-57a2d4851a1d" relativeResultsDirectory="ea551d42-d31b-4072-8d09-2e91291161eb" />
    <UnitTestResult executionId="f38d6a43-1727-4fe8-994c-42ee78a54395" testId="c85b9103-c5cd-1598-1844-843904e54231" testName="Api.Tests.Bookings.BookingStatusAccessTokenServiceTests.VerifyToken_ShouldReturnFalseForDifferentToken" computerName="DESKTOP-N6E0ED2" duration="00:00:00.2967854" startTime="2026-06-17T10:42:41.3795252-03:00" endTime="2026-06-17T10:42:41.3795258-03:00" testType="13cdc9d9-ddb5-4fa4-a97d-d965ccfc6d4b" outcome="Passed" testListId="8c84fa94-04c1-424b-9868-57a2d4851a1d" relativeResultsDirectory="f38d6a43-1727-4fe8-994c-42ee78a54395" />
    <UnitTestResult executionId="c4f279b4-0e46-49f1-a832-4131e672afdb" testId="ddbbc066-6d17-b55e-8e14-56d82479802c" testName="Api.Tests.Bookings.GetBookingFeedbackSummaryServiceTests.HandleAsync_ShouldReturnExplicitUnratedSummaryWhenTenantHasNoFeedback" computerName="DESKTOP-N6E0ED2" duration="00:00:00.0029148" startTime="2026-06-17T10:42:40.2556631-03:00" endTime="2026-06-17T10:42:40.2556634-03:00" testType="13cdc9d9-ddb5-4fa4-a97d-d965ccfc6d4b" outcome="Passed" testListId="8c84fa94-04c1-424b-9868-57a2d4851a1d" relativeResultsDirectory="c4f279b4-0e46-49f1-a832-4131e672afdb" />
    <UnitTestResult executionId="ad41be66-8810-4068-80f4-22d693998667" testId="2e8f8db7-52ec-84ee-2524-00d89fca323e" testName="Api.Tests.Bookings.CheckBookingStatusRequestValidatorTests.Validate_ShouldRejectStatusTokenLongerThan200Characters" computerName="DESKTOP-N6E0ED2" duration="00:00:00.0033228" startTime="2026-06-17T10:42:41.0160114-03:00" endTime="2026-06-17T10:42:41.0160119-03:00" testType="13cdc9d9-ddb5-4fa4-a97d-d965ccfc6d4b" outcome="Passed" testListId="8c84fa94-04c1-424b-9868-57a2d4851a1d" relativeResultsDirectory="ad41be66-8810-4068-80f4-22d693998667" />
    <UnitTestResult executionId="51ba1861-3a6a-40e9-b09e-c727fdf1eb99" testId="2a4199a6-037f-6eda-ab29-40ee904c6054" testName="Api.Tests.Bookings.ListBookingFeedbackServiceTests.HandleAsync_ShouldRejectProfessionalFromAnotherTenant" computerName="DESKTOP-N6E0ED2" duration="00:00:00.9291056" startTime="2026-06-17T10:42:40.2046216-03:00" endTime="2026-06-17T10:42:40.2046216-03:00" testType="13cdc9d9-ddb5-4fa4-a97d-d965ccfc6d4b" outcome="Passed" testListId="8c84fa94-04c1-424b-9868-57a2d4851a1d" relativeResultsDirectory="51ba1861-3a6a-40e9-b09e-c727fdf1eb99" />
    <UnitTestResult executionId="d4dc1a59-c0de-4bf6-ae62-34b7246b4176" testId="a7f1962e-eb03-d961-8b40-9fb21af52e71" testName="Api.Tests.Empresas.ListPublicEmpresasRequestValidatorTests.Validate_ShouldRejectMinRatingOutsideScale(minRating: 0)" computerName="DESKTOP-N6E0ED2" duration="00:00:00.0006826" startTime="2026-06-17T10:42:40.2473715-03:00" endTime="2026-06-17T10:42:40.2473718-03:00" testType="13cdc9d9-ddb5-4fa4-a97d-d965ccfc6d4b" outcome="Passed" testListId="8c84fa94-04c1-424b-9868-57a2d4851a1d" relativeResultsDirectory="d4dc1a59-c0de-4bf6-ae62-34b7246b4176" />
    <UnitTestResult executionId="71a03f25-2f01-4efe-8cbd-d2a3eb0ec722" testId="bd48d441-efa2-1b86-9f5d-ff357e54d97f" testName="Api.Tests.Empresas.StorefrontDomainVerificationServiceTests.ProcessPendingAsync_ShouldHandOffApexDnsSuccessToTlsProvisioningAndActivateWhenHttpsIsReady" computerName="DESKTOP-N6E0ED2" duration="00:00:00.0131111" startTime="2026-06-17T10:42:40.2498522-03:00" endTime="2026-06-17T10:42:40.2498526-03:00" testType="13cdc9d9-ddb5-4fa4-a97d-d965ccfc6d4b" outcome="Passed" testListId="8c84fa94-04c1-424b-9868-57a2d4851a1d" relativeResultsDirectory="71a03f25-2f01-4efe-8cbd-d2a3eb0ec722" />
    <UnitTestResult executionId="9694bc9a-ad8f-4a1d-a8f7-01e4cb847100" testId="90327a30-c2e6-4158-260a-18d4a6d46fc4" testName="Api.Tests.Bookings.NoShowBookingRequestValidatorTests.Validate_ShouldRejectReasonLongerThan500Characters" computerName="DESKTOP-N6E0ED2" duration="00:00:00.0313232" startTime="2026-06-17T10:42:39.3035303-03:00" endTime="2026-06-17T10:42:39.3035306-03:00" testType="13cdc9d9-ddb5-4fa4-a97d-d965ccfc6d4b" outcome="Passed" testListId="8c84fa94-04c1-424b-9868-57a2d4851a1d" relativeResultsDirectory="9694bc9a-ad8f-4a1d-a8f7-01e4cb847100" />
    <UnitTestResult executionId="556cabf9-e7d1-4573-951d-b43aebcdd148" testId="80ec0a65-eae0-5f6b-0700-86c713074ae5" testName="Api.Tests.Bookings.CancelBookingServiceTests.HandleAsync_ShouldRejectCrossTenantCancellation" computerName="DESKTOP-N6E0ED2" duration="00:00:00.2858553" startTime="2026-06-17T10:42:41.3619866-03:00" endTime="2026-06-17T10:42:41.3619867-03:00" testType="13cdc9d9-ddb5-4fa4-a97d-d965ccfc6d4b" outcome="Passed" testListId="8c84fa94-04c1-424b-9868-57a2d4851a1d" relativeResultsDirectory="556cabf9-e7d1-4573-951d-b43aebcdd148" />
    <UnitTestResult executionId="d6544c19-5786-4506-8b46-ccbe465e0aaa" testId="93fd68bf-ef0b-6d2a-26fd-f00bc1a58c96" testName="Api.Tests.ProfessionalServiceAssignments.ProfessionalServiceAssignmentServiceTests.HandleAsync_ShouldRejectInactiveProfessional" computerName="DESKTOP-N6E0ED2" duration="00:00:00.0103201" startTime="2026-06-17T10:42:40.2312798-03:00" endTime="2026-06-17T10:42:40.2312801-03:00" testType="13cdc9d9-ddb5-4fa4-a97d-d965ccfc6d4b" outcome="Passed" testListId="8c84fa94-04c1-424b-9868-57a2d4851a1d" relativeResultsDirectory="d6544c19-5786-4506-8b46-ccbe465e0aaa" />
    <UnitTestResult executionId="4c002117-13e2-4e07-bc21-55981de7f115" testId="f8470fef-8193-3e2a-9024-9f11bd4c91bc" testName="Api.Tests.Bookings.NoShowBookingRequestValidatorTests.Validate_ShouldRejectMissingReason" computerName="DESKTOP-N6E0ED2" duration="00:00:00.0011319" startTime="2026-06-17T10:42:39.3110325-03:00" endTime="2026-06-17T10:42:39.3110325-03:00" testType="13cdc9d9-ddb5-4fa4-a97d-d965ccfc6d4b" outcome="Passed" testListId="8c84fa94-04c1-424b-9868-57a2d4851a1d" relativeResultsDirectory="4c002117-13e2-4e07-bc21-55981de7f115" />
    <UnitTestResult executionId="79280e99-1c72-41a4-a492-90360db86a57" testId="c14ddbcf-bd04-d8e8-cec6-392a307f26b3" testName="Api.Tests.EmailNotificationProviderTests.Notify_Records_Result_And_Attempts" computerName="DESKTOP-N6E0ED2" duration="00:00:00.0019176" startTime="2026-06-17T10:42:39.3666285-03:00" endTime="2026-06-17T10:42:39.3666289-03:00" testType="13cdc9d9-ddb5-4fa4-a97d-d965ccfc6d4b" outcome="Passed" testListId="8c84fa94-04c1-424b-9868-57a2d4851a1d" relativeResultsDirectory="79280e99-1c72-41a4-a492-90360db86a57" />
    <UnitTestResult executionId="1946fb4f-46bf-4d2d-882a-448a61090163" testId="7c115dd1-73f3-a0b7-09ef-e28ec58f9f51" testName="Api.Tests.Bookings.CheckBookingStatusServiceTests.HandleAsync_ShouldReturnPublicStatusAcrossLifecycleStates(state: &quot;requested&quot;)" computerName="DESKTOP-N6E0ED2" duration="00:00:00.4336855" startTime="2026-06-17T10:42:41.3226793-03:00" endTime="2026-06-17T10:42:41.3226796-03:00" testType="13cdc9d9-ddb5-4fa4-a97d-d965ccfc6d4b" outcome="Passed" testListId="8c84fa94-04c1-424b-9868-57a2d4851a1d" relativeResultsDirectory="1946fb4f-46bf-4d2d-882a-448a61090163" />
    <UnitTestResult executionId="477984e1-f887-409d-94af-fb92437e9614" testId="103824a7-cf29-2e6a-5f16-03d14e8e3eb4" testName="Api.Tests.EmailNotificationProviderIntegrationTests.Provider_Retries_On_Transient_Failures_And_Records_Attempts" computerName="DESKTOP-N6E0ED2" duration="00:00:00.0603361" startTime="2026-06-17T10:42:39.3568162-03:00" endTime="2026-06-17T10:42:39.3568166-03:00" testType="13cdc9d9-ddb5-4fa4-a97d-d965ccfc6d4b" outcome="Passed" testListId="8c84fa94-04c1-424b-9868-57a2d4851a1d" relativeResultsDirectory="477984e1-f887-409d-94af-fb92437e9614" />
    <UnitTestResult executionId="1ac5b15a-22f0-4a0c-90cd-b3f6093851de" testId="81eac14b-f6a5-2726-bc39-9f7bfe80a024" testName="Api.Tests.Bookings.CancelBookingServiceTests.HandleAsync_ShouldRejectCancellationForIneligibleTerminalState" computerName="DESKTOP-N6E0ED2" duration="00:00:00.2399666" startTime="2026-06-17T10:42:41.6020450-03:00" endTime="2026-06-17T10:42:41.6020455-03:00" testType="13cdc9d9-ddb5-4fa4-a97d-d965ccfc6d4b" outcome="Passed" testListId="8c84fa94-04c1-424b-9868-57a2d4851a1d" relativeResultsDirectory="1ac5b15a-22f0-4a0c-90cd-b3f6093851de" />
    <UnitTestResult executionId="b2a43950-0e79-475a-a220-34b2a78096db" testId="e75ece3d-b68b-96ad-5c18-05f64c3a086e" testName="Api.Tests.Empresas.GetEmpresaPublicProfileServiceTests.HandleAsync_ShouldExposeActiveDomainMonitoringContext" computerName="DESKTOP-N6E0ED2" duration="00:00:00.0023462" startTime="2026-06-17T10:42:40.2341481-03:00" endTime="2026-06-17T10:42:40.2341488-03:00" testType="13cdc9d9-ddb5-4fa4-a97d-d965ccfc6d4b" outcome="Passed" testListId="8c84fa94-04c1-424b-9868-57a2d4851a1d" relativeResultsDirectory="b2a43950-0e79-475a-a220-34b2a78096db" />
    <UnitTestResult executionId="dd525aed-a6a5-477b-b3d4-5338bfc3f5ae" testId="a0d237c9-1004-242e-ef66-c953264aff46" testName="Api.Tests.Empresas.StorefrontDomainDnsVerificationServiceTests.VerifyAsync_ShouldRejectApexDomainWhenResolvedOutcomeDoesNotMatchSupportedTargets" computerName="DESKTOP-N6E0ED2" duration="00:00:00.0115814" startTime="2026-06-17T10:42:39.2922920-03:00" endTime="2026-06-17T10:42:39.2924490-03:00" testType="13cdc9d9-ddb5-4fa4-a97d-d965ccfc6d4b" outcome="Passed" testListId="8c84fa94-04c1-424b-9868-57a2d4851a1d" relativeResultsDirectory="dd525aed-a6a5-477b-b3d4-5338bfc3f5ae" />
    <UnitTestResult executionId="d3a9f6aa-d2c6-4e8c-a6ee-a9e713b5ec57" testId="44f7a0ec-ffa1-d0c1-9b5f-ba2fc90ef2bd" testName="Api.Tests.Bookings.NoShowBookingServiceTests.HandleAsync_ShouldMarkConfirmedBookingAsNoShow" computerName="DESKTOP-N6E0ED2" duration="00:00:00.3355771" startTime="2026-06-17T10:42:41.0767667-03:00" endTime="2026-06-17T10:42:41.0767668-03:00" testType="13cdc9d9-ddb5-4fa4-a97d-d965ccfc6d4b" outcome="Passed" testListId="8c84fa94-04c1-424b-9868-57a2d4851a1d" relativeResultsDirectory="d3a9f6aa-d2c6-4e8c-a6ee-a9e713b5ec57" />
    <UnitTestResult executionId="dbf6a74c-4487-4a5c-894b-5acee2543fea" testId="047491a9-7579-787c-21a6-4766fa1e98c6" testName="Api.Tests.Empresas.UpdateEmpresaPublicProfileServiceTests.HandleAsync_ShouldPreserveActiveDomainWhenSavingTheSameDesiredDomain" computerName="DESKTOP-N6E0ED2" duration="00:00:00.0022979" startTime="2026-06-17T10:42:40.3239267-03:00" endTime="2026-06-17T10:42:40.3239268-03:00" testType="13cdc9d9-ddb5-4fa4-a97d-d965ccfc6d4b" outcome="Passed" testListId="8c84fa94-04c1-424b-9868-57a2d4851a1d" relativeResultsDirectory="dbf6a74c-4487-4a5c-894b-5acee2543fea" />
    <UnitTestResult executionId="12c2f64f-f948-4d62-9c52-39cc7d498c26" testId="18e56877-13f5-36a6-789d-644b35c6d0f8" testName="Api.Tests.Empresas.GetEmpresaPublicProfileServiceTests.HandleAsync_ShouldExposeVerificationMetadata" computerName="DESKTOP-N6E0ED2" duration="00:00:00.0053077" startTime="2026-06-17T10:42:40.2395578-03:00" endTime="2026-06-17T10:42:40.2395580-03:00" testType="13cdc9d9-ddb5-4fa4-a97d-d965ccfc6d4b" outcome="Passed" testListId="8c84fa94-04c1-424b-9868-57a2d4851a1d" relativeResultsDirectory="12c2f64f-f948-4d62-9c52-39cc7d498c26" />
    <UnitTestResult executionId="758983ec-0c20-4019-bafa-9cb5fd602cd7" testId="7c529c0c-e921-6d64-b92e-85e219c12d6d" testName="Api.Tests.Empresas.ListPublicEmpresasServiceTests.HandleAsync_ShouldExcludeUnratedPetshopsWhenFilteringByMinimumRating" computerName="DESKTOP-N6E0ED2" duration="00:00:00.0031694" startTime="2026-06-17T10:42:40.3213411-03:00" endTime="2026-06-17T10:42:40.3213414-03:00" testType="13cdc9d9-ddb5-4fa4-a97d-d965ccfc6d4b" outcome="Passed" testListId="8c84fa94-04c1-424b-9868-57a2d4851a1d" relativeResultsDirectory="758983ec-0c20-4019-bafa-9cb5fd602cd7" />
    <UnitTestResult executionId="2f32a9da-34cc-490b-80d3-87f2ead5b4ed" testId="81d33438-3877-61ad-747b-9693adec3833" testName="Api.Tests.Empresas.GetEmpresaPublicProfileServiceTests.HandleAsync_ShouldExposeDegradedMonitoringContext" computerName="DESKTOP-N6E0ED2" duration="00:00:00.0076675" startTime="2026-06-17T10:42:40.2317538-03:00" endTime="2026-06-17T10:42:40.2317544-03:00" testType="13cdc9d9-ddb5-4fa4-a97d-d965ccfc6d4b" outcome="Passed" testListId="8c84fa94-04c1-424b-9868-57a2d4851a1d" relativeResultsDirectory="2f32a9da-34cc-490b-80d3-87f2ead5b4ed" />
    <UnitTestResult executionId="c9fddb4b-a56e-47da-aa46-e1d5dfa5c34b" testId="03e1b887-ca0a-8891-ede2-e708f627b4ab" testName="Api.Tests.Bookings.BookingLifecycleEventTests.HandleAsync_ShouldIgnoreLateQueueOutcomesAfterRequestedCancellation(useConfirmedEvent: True)" computerName="DESKTOP-N6E0ED2" duration="00:00:00.3279923" startTime="2026-06-17T10:42:41.0766690-03:00" endTime="2026-06-17T10:42:41.0766692-03:00" testType="13cdc9d9-ddb5-4fa4-a97d-d965ccfc6d4b" outcome="Passed" testListId="8c84fa94-04c1-424b-9868-57a2d4851a1d" relativeResultsDirectory="c9fddb4b-a56e-47da-aa46-e1d5dfa5c34b" />
    <UnitTestResult executionId="2e6e81e5-306b-4a0f-a720-b55aab4da151" testId="af75cb95-b54d-b10d-00fa-f253fa3b84e6" testName="Api.Tests.Empresas.UpdateEmpresaPublicProfileRequestValidatorTests.ValidateAsync_ShouldRejectUnsupportedRootLikeDomainWithUpdatedMessage" computerName="DESKTOP-N6E0ED2" duration="00:00:00.0314029" startTime="2026-06-17T10:42:39.3109823-03:00" endTime="2026-06-17T10:42:39.3109825-03:00" testType="13cdc9d9-ddb5-4fa4-a97d-d965ccfc6d4b" outcome="Passed" testListId="8c84fa94-04c1-424b-9868-57a2d4851a1d" relativeResultsDirectory="2e6e81e5-306b-4a0f-a720-b55aab4da151" />
    <UnitTestResult executionId="09f20b20-1a85-4e3b-a8c2-95f658caed30" testId="f91e736d-c5e8-5616-1eaa-0e7c075856dd" testName="Api.Tests.Bookings.CreateBookingServiceTests.HandleAsync_ShouldRejectUnavailableSlots" computerName="DESKTOP-N6E0ED2" duration="00:00:01.0198525" startTime="2026-06-17T10:42:40.2954579-03:00" endTime="2026-06-17T10:42:40.2954581-03:00" testType="13cdc9d9-ddb5-4fa4-a97d-d965ccfc6d4b" outcome="Passed" testListId="8c84fa94-04c1-424b-9868-57a2d4851a1d" relativeResultsDirectory="09f20b20-1a85-4e3b-a8c2-95f658caed30" />
    <UnitTestResult executionId="c6828dcc-12e1-47f7-ba3b-756af3e76db6" testId="57fb43e6-2ba1-29c4-596a-e93aa0326252" testName="Api.Tests.Bookings.GetPublicSlotsServiceTests.HandleAsync_ShouldRejectIntervalsBeyondThirtyDays" computerName="DESKTOP-N6E0ED2" duration="00:00:00.0027410" startTime="2026-06-17T10:42:40.7811825-03:00" endTime="2026-06-17T10:42:40.7811829-03:00" testType="13cdc9d9-ddb5-4fa4-a97d-d965ccfc6d4b" outcome="Passed" testListId="8c84fa94-04c1-424b-9868-57a2d4851a1d" relativeResultsDirectory="c6828dcc-12e1-47f7-ba3b-756af3e76db6" />
    <UnitTestResult executionId="3bb761cd-0768-43c8-944e-bb842b69ddca" testId="b1a6cd04-2531-dc5d-a562-c4e08e08bd09" testName="Api.Tests.Empresas.UpdateEmpresaPublicProfileServiceTests.HandleAsync_ShouldRegisterDesiredCustomDomainAndReturnPendingSetupState" computerName="DESKTOP-N6E0ED2" duration="00:00:00.0341776" startTime="2026-06-17T10:42:40.3072184-03:00" endTime="2026-06-17T10:42:40.3072187-03:00" testType="13cdc9d9-ddb5-4fa4-a97d-d965ccfc6d4b" outcome="Passed" testListId="8c84fa94-04c1-424b-9868-57a2d4851a1d" relativeResultsDirectory="3bb761cd-0768-43c8-944e-bb842b69ddca" />
    <UnitTestResult executionId="071446f2-2c95-4a5a-b528-a87a1d17b21f" testId="67b91720-30a0-c70c-fa1f-f7c87d1d05f3" testName="Api.Tests.Empresas.UpdateEmpresaPublicProfileServiceTests.HandleAsync_ShouldAcceptApexCustomDomainAndReturnApexGuidance" computerName="DESKTOP-N6E0ED2" duration="00:00:00.0050963" startTime="2026-06-17T10:42:40.3124071-03:00" endTime="2026-06-17T10:42:40.3124073-03:00" testType="13cdc9d9-ddb5-4fa4-a97d-d965ccfc6d4b" outcome="Passed" testListId="8c84fa94-04c1-424b-9868-57a2d4851a1d" relativeResultsDirectory="071446f2-2c95-4a5a-b528-a87a1d17b21f" />
    <UnitTestResult executionId="24ee6626-89d8-4a56-b017-21362198525d" testId="fa7351a4-d19f-a990-c7a8-ac392e9c11c3" testName="Api.Tests.Bookings.CheckBookingStatusServiceTests.HandleAsync_ShouldReturnPublicStatusAcrossLifecycleStates(state: &quot;completed&quot;)" computerName="DESKTOP-N6E0ED2" duration="00:00:00.6329657" startTime="2026-06-17T10:42:40.8889118-03:00" endTime="2026-06-17T10:42:40.8889121-03:00" testType="13cdc9d9-ddb5-4fa4-a97d-d965ccfc6d4b" outcome="Passed" testListId="8c84fa94-04c1-424b-9868-57a2d4851a1d" relativeResultsDirectory="24ee6626-89d8-4a56-b017-21362198525d" />
    <UnitTestResult executionId="a709480b-69fc-4f1f-bdef-4936161e6ce6" testId="8cf7e8c0-c72b-3f87-3228-1713de2a9276" testName="Api.Tests.Bookings.CompleteBookingServiceTests.HandleAsync_ShouldRejectCompletionForNonConfirmedBookings" computerName="DESKTOP-N6E0ED2" duration="00:00:00.5126819" startTime="2026-06-17T10:42:40.7173531-03:00" endTime="2026-06-17T10:42:40.7173533-03:00" testType="13cdc9d9-ddb5-4fa4-a97d-d965ccfc6d4b" outcome="Passed" testListId="8c84fa94-04c1-424b-9868-57a2d4851a1d" relativeResultsDirectory="a709480b-69fc-4f1f-bdef-4936161e6ce6" />
    <UnitTestResult executionId="18766af6-d8b3-4ccd-9f90-345ed2c165f9" testId="3291b965-bbf8-9203-b375-1f07d4368dd6" testName="Api.Tests.Bookings.CompleteBookingServiceTests.HandleAsync_ShouldRejectCrossTenantAccess" computerName="DESKTOP-N6E0ED2" duration="00:00:00.9290045" startTime="2026-06-17T10:42:40.2046335-03:00" endTime="2026-06-17T10:42:40.2046335-03:00" testType="13cdc9d9-ddb5-4fa4-a97d-d965ccfc6d4b" outcome="Passed" testListId="8c84fa94-04c1-424b-9868-57a2d4851a1d" relativeResultsDirectory="18766af6-d8b3-4ccd-9f90-345ed2c165f9" />
    <UnitTestResult executionId="1df44ef6-a613-485e-b64e-1079d992774b" testId="02a1ac88-c3ee-365b-31d8-d2305783daf6" testName="Api.Tests.Bookings.ListBookingFeedbackRequestValidatorTests.ValidateAsync_ShouldRejectEndDateBeforeStartDate" computerName="DESKTOP-N6E0ED2" duration="00:00:00.0112440" startTime="2026-06-17T10:42:40.3271542-03:00" endTime="2026-06-17T10:42:40.3271543-03:00" testType="13cdc9d9-ddb5-4fa4-a97d-d965ccfc6d4b" outcome="Passed" testListId="8c84fa94-04c1-424b-9868-57a2d4851a1d" relativeResultsDirectory="1df44ef6-a613-485e-b64e-1079d992774b" />
    <UnitTestResult executionId="21c7c72a-c58f-46d6-bee7-47dafb12f412" testId="f6131842-3fe6-ffa0-5ae7-5b9af2b26a2e" testName="Api.Tests.Bookings.CancelBookingRequestValidatorTests.Validate_ShouldRejectMissingReason" computerName="DESKTOP-N6E0ED2" duration="00:00:00.0006165" startTime="2026-06-17T10:42:40.2541159-03:00" endTime="2026-06-17T10:42:40.2541160-03:00" testType="13cdc9d9-ddb5-4fa4-a97d-d965ccfc6d4b" outcome="Passed" testListId="8c84fa94-04c1-424b-9868-57a2d4851a1d" relativeResultsDirectory="21c7c72a-c58f-46d6-bee7-47dafb12f412" />
    <UnitTestResult executionId="b19fdb11-c5af-42f9-a051-04dd2a406d44" testId="deace519-a0d4-e724-f979-52446898187c" testName="Api.Tests.Empresas.ListPublicEmpresasServiceTests.HandleAsync_ShouldReturnComputedRatingSummaryAndKeepUnratedPetshopsVisible" computerName="DESKTOP-N6E0ED2" duration="00:00:00.0644926" startTime="2026-06-17T10:42:40.3093937-03:00" endTime="2026-06-17T10:42:40.3093938-03:00" testType="13cdc9d9-ddb5-4fa4-a97d-d965ccfc6d4b" outcome="Passed" testListId="8c84fa94-04c1-424b-9868-57a2d4851a1d" relativeResultsDirectory="b19fdb11-c5af-42f9-a051-04dd2a406d44" />
    <UnitTestResult executionId="090627ea-fe5c-42aa-a79f-6f7cd88c8f07" testId="700e67eb-e66c-383d-272c-4b038ddd8a65" testName="Api.Tests.Bookings.BookingLifecycleEventTests.HandleAsync_ShouldConfirmBookingIdempotently" computerName="DESKTOP-N6E0ED2" duration="00:00:00.2817898" startTime="2026-06-17T10:42:41.3585621-03:00" endTime="2026-06-17T10:42:41.3585623-03:00" testType="13cdc9d9-ddb5-4fa4-a97d-d965ccfc6d4b" outcome="Passed" testListId="8c84fa94-04c1-424b-9868-57a2d4851a1d" relativeResultsDirectory="090627ea-fe5c-42aa-a79f-6f7cd88c8f07" />
    <UnitTestResult executionId="d556dd52-3e8d-4f0d-8124-2d337f2c54b0" testId="bd65ff2e-07ac-5f28-d844-54eaaf3230bf" testName="Api.Tests.Bookings.CreateBookingServiceTests.HandleAsync_ShouldSurfacePublishFailuresAfterPersistingBooking" computerName="DESKTOP-N6E0ED2" duration="00:00:00.3161050" startTime="2026-06-17T10:42:41.3600519-03:00" endTime="2026-06-17T10:42:41.3600520-03:00" testType="13cdc9d9-ddb5-4fa4-a97d-d965ccfc6d4b" outcome="Passed" testListId="8c84fa94-04c1-424b-9868-57a2d4851a1d" relativeResultsDirectory="d556dd52-3e8d-4f0d-8124-2d337f2c54b0" />
    <UnitTestResult executionId="56311722-8117-4004-b44f-c776b3ffaf0e" testId="052bb641-cae9-1220-6ae9-ce776de3746b" testName="Api.Tests.Bookings.CheckBookingStatusServiceTests.HandleAsync_ShouldReturnPublicStatusAcrossLifecycleStates(state: &quot;no-show&quot;)" computerName="DESKTOP-N6E0ED2" duration="00:00:00.3526262" startTime="2026-06-17T10:42:42.7729995-03:00" endTime="2026-06-17T10:42:42.7729997-03:00" testType="13cdc9d9-ddb5-4fa4-a97d-d965ccfc6d4b" outcome="Passed" testListId="8c84fa94-04c1-424b-9868-57a2d4851a1d" relativeResultsDirectory="56311722-8117-4004-b44f-c776b3ffaf0e" />
    <UnitTestResult executionId="e2fb4b5d-61de-44d3-9705-41603eccaab8" testId="14ce3c32-38b4-2f83-7f6e-358e540150ec" testName="Api.Tests.Empresas.GetPublicEmpresaByHostServiceTests.HandleAsync_ShouldIgnorePendingCustomDomainsAndRequireFallbackUntilActivation" computerName="DESKTOP-N6E0ED2" duration="00:00:00.0195549" startTime="2026-06-17T10:42:40.3016789-03:00" endTime="2026-06-17T10:42:40.3016794-03:00" testType="13cdc9d9-ddb5-4fa4-a97d-d965ccfc6d4b" outcome="Passed" testListId="8c84fa94-04c1-424b-9868-57a2d4851a1d" relativeResultsDirectory="e2fb4b5d-61de-44d3-9705-41603eccaab8" />
    <UnitTestResult executionId="0c0cbf91-22f8-4167-a74e-7c1fa92e418c" testId="57d02f43-3407-dc8f-cc7b-6d6280190650" testName="Api.Tests.Bookings.SubmitBookingFeedbackRequestValidatorTests.Validate_ShouldRejectProfessionalRatingOutsideScale(rating: 6)" computerName="DESKTOP-N6E0ED2" duration="00:00:00.0005676" startTime="2026-06-17T10:42:40.2810505-03:00" endTime="2026-06-17T10:42:40.2810507-03:00" testType="13cdc9d9-ddb5-4fa4-a97d-d965ccfc6d4b" outcome="Passed" testListId="8c84fa94-04c1-424b-9868-57a2d4851a1d" relativeResultsDirectory="0c0cbf91-22f8-4167-a74e-7c1fa92e418c" />
  </Results>
  <TestDefinitions>
    <UnitTest name="Api.Tests.Bookings.CancelBookingServiceTests.HandleAsync_ShouldRejectCrossTenantCancellation" storage="c:\users\usuario\desktop\onetake\petcenter\apps\backend\api.tests\bin\debug\net10.0\api.tests.dll" id="80ec0a65-eae0-5f6b-0700-86c713074ae5">
      <Execution id="556cabf9-e7d1-4573-951d-b43aebcdd148" />
      <TestMethod codeBase="C:\Users\Usuario\Desktop\OneTake\petcenter\apps\backend\Api.Tests\bin\Debug\net10.0\Api.Tests.dll" adapterTypeName="executor://xunit/VsTestRunner2/netcoreapp" className="Api.Tests.Bookings.CancelBookingServiceTests" name="HandleAsync_ShouldRejectCrossTenantCancellation" />
    </UnitTest>
    <UnitTest name="Api.Tests.Bookings.ListBookingFeedbackServiceTests.HandleAsync_ShouldFilterFeedbackEntriesWithinTenantScope" storage="c:\users\usuario\desktop\onetake\petcenter\apps\backend\api.tests\bin\debug\net10.0\api.tests.dll" id="21350474-629d-77e8-a163-56bb5085aaf0">
      <Execution id="19c5545b-d64e-4a20-a319-cb7cb7c89894" />
      <TestMethod codeBase="C:\Users\Usuario\Desktop\OneTake\petcenter\apps\backend\Api.Tests\bin\Debug\net10.0\Api.Tests.dll" adapterTypeName="executor://xunit/VsTestRunner2/netcoreapp" className="Api.Tests.Bookings.ListBookingFeedbackServiceTests" name="HandleAsync_ShouldFilterFeedbackEntriesWithinTenantScope" />
    </UnitTest>
    <UnitTest name="Api.Tests.Bookings.CheckBookingStatusServiceTests.HandleAsync_ShouldReturnPublicStatusAcrossLifecycleStates(state: &quot;completed&quot;)" storage="c:\users\usuario\desktop\onetake\petcenter\apps\backend\api.tests\bin\debug\net10.0\api.tests.dll" id="fa7351a4-d19f-a990-c7a8-ac392e9c11c3">
      <Execution id="24ee6626-89d8-4a56-b017-21362198525d" />
      <TestMethod codeBase="C:\Users\Usuario\Desktop\OneTake\petcenter\apps\backend\Api.Tests\bin\Debug\net10.0\Api.Tests.dll" adapterTypeName="executor://xunit/VsTestRunner2/netcoreapp" className="Api.Tests.Bookings.CheckBookingStatusServiceTests" name="HandleAsync_ShouldReturnPublicStatusAcrossLifecycleStates" />
    </UnitTest>
    <UnitTest name="Api.Tests.Empresas.GetPublicEmpresaByHostServiceTests.HandleAsync_ShouldResolvePublishedEmpresaWhenActiveCustomDomainMatches" storage="c:\users\usuario\desktop\onetake\petcenter\apps\backend\api.tests\bin\debug\net10.0\api.tests.dll" id="e58c650e-5658-fbdc-3f16-000ff0dcbd94">
      <Execution id="921beda1-b763-441a-8e9e-463b0bb4088e" />
      <TestMethod codeBase="C:\Users\Usuario\Desktop\OneTake\petcenter\apps\backend\Api.Tests\bin\Debug\net10.0\Api.Tests.dll" adapterTypeName="executor://xunit/VsTestRunner2/netcoreapp" className="Api.Tests.Empresas.GetPublicEmpresaByHostServiceTests" name="HandleAsync_ShouldResolvePublishedEmpresaWhenActiveCustomDomainMatches" />
    </UnitTest>
    <UnitTest name="Api.Tests.Bookings.CancelBookingRequestValidatorTests.Validate_ShouldRejectMissingReason" storage="c:\users\usuario\desktop\onetake\petcenter\apps\backend\api.tests\bin\debug\net10.0\api.tests.dll" id="f6131842-3fe6-ffa0-5ae7-5b9af2b26a2e">
      <Execution id="21c7c72a-c58f-46d6-bee7-47dafb12f412" />
      <TestMethod codeBase="C:\Users\Usuario\Desktop\OneTake\petcenter\apps\backend\Api.Tests\bin\Debug\net10.0\Api.Tests.dll" adapterTypeName="executor://xunit/VsTestRunner2/netcoreapp" className="Api.Tests.Bookings.CancelBookingRequestValidatorTests" name="Validate_ShouldRejectMissingReason" />
    </UnitTest>
    <UnitTest name="Api.Tests.Bookings.GetBookingFeedbackSummaryServiceTests.HandleAsync_ShouldAggregateOnlyAuthenticatedTenantFeedback" storage="c:\users\usuario\desktop\onetake\petcenter\apps\backend\api.tests\bin\debug\net10.0\api.tests.dll" id="c3e8f390-f82b-892d-c661-008f523bc0c3">
      <Execution id="12e126c1-b9db-4e28-839a-73c4f7f0ec08" />
      <TestMethod codeBase="C:\Users\Usuario\Desktop\OneTake\petcenter\apps\backend\Api.Tests\bin\Debug\net10.0\Api.Tests.dll" adapterTypeName="executor://xunit/VsTestRunner2/netcoreapp" className="Api.Tests.Bookings.GetBookingFeedbackSummaryServiceTests" name="HandleAsync_ShouldAggregateOnlyAuthenticatedTenantFeedback" />
    </UnitTest>
    <UnitTest name="Api.Tests.Bookings.SubmitBookingFeedbackServiceTests.HandleAsync_ShouldRejectDuplicateSubmission" storage="c:\users\usuario\desktop\onetake\petcenter\apps\backend\api.tests\bin\debug\net10.0\api.tests.dll" id="bf5669aa-9eb9-d0b1-e6fe-438aebcb871b">
      <Execution id="3a824937-159b-463f-aaae-c40d7ecc29bb" />
      <TestMethod codeBase="C:\Users\Usuario\Desktop\OneTake\petcenter\apps\backend\Api.Tests\bin\Debug\net10.0\Api.Tests.dll" adapterTypeName="executor://xunit/VsTestRunner2/netcoreapp" className="Api.Tests.Bookings.SubmitBookingFeedbackServiceTests" name="HandleAsync_ShouldRejectDuplicateSubmission" />
    </UnitTest>
    <UnitTest name="Api.Tests.Empresas.ListPublicEmpresasServiceTests.HandleAsync_ShouldReturnComputedRatingSummaryAndKeepUnratedPetshopsVisible" storage="c:\users\usuario\desktop\onetake\petcenter\apps\backend\api.tests\bin\debug\net10.0\api.tests.dll" id="deace519-a0d4-e724-f979-52446898187c">
      <Execution id="b19fdb11-c5af-42f9-a051-04dd2a406d44" />
      <TestMethod codeBase="C:\Users\Usuario\Desktop\OneTake\petcenter\apps\backend\Api.Tests\bin\Debug\net10.0\Api.Tests.dll" adapterTypeName="executor://xunit/VsTestRunner2/netcoreapp" className="Api.Tests.Empresas.ListPublicEmpresasServiceTests" name="HandleAsync_ShouldReturnComputedRatingSummaryAndKeepUnratedPetshopsVisible" />
    </UnitTest>
    <UnitTest name="Api.Tests.Bookings.SubmitBookingFeedbackRequestValidatorTests.Validate_ShouldRejectProfessionalRatingOutsideScale(rating: 0)" storage="c:\users\usuario\desktop\onetake\petcenter\apps\backend\api.tests\bin\debug\net10.0\api.tests.dll" id="a4244d7b-ed39-84d7-0127-bc791e3d2e9a">
      <Execution id="761297f1-5950-4532-84b1-e2dd084872ed" />
      <TestMethod codeBase="C:\Users\Usuario\Desktop\OneTake\petcenter\apps\backend\Api.Tests\bin\Debug\net10.0\Api.Tests.dll" adapterTypeName="executor://xunit/VsTestRunner2/netcoreapp" className="Api.Tests.Bookings.SubmitBookingFeedbackRequestValidatorTests" name="Validate_ShouldRejectProfessionalRatingOutsideScale" />
    </UnitTest>
    <UnitTest name="Api.Tests.Bookings.BookingQueueOptionsTests.Validate_ShouldPassForCompleteConfiguration" storage="c:\users\usuario\desktop\onetake\petcenter\apps\backend\api.tests\bin\debug\net10.0\api.tests.dll" id="66c5536c-f3bc-8f1e-0da5-f39be41942f4">
      <Execution id="724d69fa-bc48-46c6-804d-68e58b9067d5" />
      <TestMethod codeBase="C:\Users\Usuario\Desktop\OneTake\petcenter\apps\backend\Api.Tests\bin\Debug\net10.0\Api.Tests.dll" adapterTypeName="executor://xunit/VsTestRunner2/netcoreapp" className="Api.Tests.Bookings.BookingQueueOptionsTests" name="Validate_ShouldPassForCompleteConfiguration" />
    </UnitTest>
    <UnitTest name="Api.Tests.EmailNotificationProviderIntegrationTests.Provider_Retries_On_Transient_Failures_And_Records_Attempts" storage="c:\users\usuario\desktop\onetake\petcenter\apps\backend\api.tests\bin\debug\net10.0\api.tests.dll" id="103824a7-cf29-2e6a-5f16-03d14e8e3eb4">
      <Execution id="477984e1-f887-409d-94af-fb92437e9614" />
      <TestMethod codeBase="C:\Users\Usuario\Desktop\OneTake\petcenter\apps\backend\Api.Tests\bin\Debug\net10.0\Api.Tests.dll" adapterTypeName="executor://xunit/VsTestRunner2/netcoreapp" className="Api.Tests.EmailNotificationProviderIntegrationTests" name="Provider_Retries_On_Transient_Failures_And_Records_Attempts" />
    </UnitTest>
    <UnitTest name="Api.Tests.DomainNotificationConsumerTests.Placeholder" storage="c:\users\usuario\desktop\onetake\petcenter\apps\backend\api.tests\bin\debug\net10.0\api.tests.dll" id="0bf4f439-7af1-d4ef-943f-c09bca484647">
      <Execution id="27a8acb6-b7a9-4719-b03f-68fbbf1ee531" />
      <TestMethod codeBase="C:\Users\Usuario\Desktop\OneTake\petcenter\apps\backend\Api.Tests\bin\Debug\net10.0\Api.Tests.dll" adapterTypeName="executor://xunit/VsTestRunner2/netcoreapp" className="Api.Tests.DomainNotificationConsumerTests" name="Placeholder" />
    </UnitTest>
    <UnitTest name="Api.Tests.Empresas.StorefrontDomainVerificationServiceTests.ProcessPendingAsync_ShouldRecordRecoverableFailureAndScheduleRetry" storage="c:\users\usuario\desktop\onetake\petcenter\apps\backend\api.tests\bin\debug\net10.0\api.tests.dll" id="0e5f0f8c-e5f5-2797-0fbb-7e3d22f252e2">
      <Execution id="b379258d-03b2-4480-9b79-d716c16a5da9" />
      <TestMethod codeBase="C:\Users\Usuario\Desktop\OneTake\petcenter\apps\backend\Api.Tests\bin\Debug\net10.0\Api.Tests.dll" adapterTypeName="executor://xunit/VsTestRunner2/netcoreapp" className="Api.Tests.Empresas.StorefrontDomainVerificationServiceTests" name="ProcessPendingAsync_ShouldRecordRecoverableFailureAndScheduleRetry" />
    </UnitTest>
    <UnitTest name="Api.Tests.Bookings.CheckBookingStatusServiceTests.HandleAsync_ShouldReturnPublicStatusAcrossLifecycleStates(state: &quot;confirmed&quot;)" storage="c:\users\usuario\desktop\onetake\petcenter\apps\backend\api.tests\bin\debug\net10.0\api.tests.dll" id="1e98ce8d-4c0b-dc84-fe48-ebdd8d3a4b1d">
      <Execution id="c483a8de-1cb4-42a3-a2dd-729f35043a8c" />
      <TestMethod codeBase="C:\Users\Usuario\Desktop\OneTake\petcenter\apps\backend\Api.Tests\bin\Debug\net10.0\Api.Tests.dll" adapterTypeName="executor://xunit/VsTestRunner2/netcoreapp" className="Api.Tests.Bookings.CheckBookingStatusServiceTests" name="HandleAsync_ShouldReturnPublicStatusAcrossLifecycleStates" />
    </UnitTest>
    <UnitTest name="Api.Tests.Empresas.GetPublicEmpresaByHostServiceTests.HandleAsync_ShouldIgnorePendingCustomDomainsAndRequireFallbackUntilActivation" storage="c:\users\usuario\desktop\onetake\petcenter\apps\backend\api.tests\bin\debug\net10.0\api.tests.dll" id="14ce3c32-38b4-2f83-7f6e-358e540150ec">
      <Execution id="e2fb4b5d-61de-44d3-9705-41603eccaab8" />
      <TestMethod codeBase="C:\Users\Usuario\Desktop\OneTake\petcenter\apps\backend\Api.Tests\bin\Debug\net10.0\Api.Tests.dll" adapterTypeName="executor://xunit/VsTestRunner2/netcoreapp" className="Api.Tests.Empresas.GetPublicEmpresaByHostServiceTests" name="HandleAsync_ShouldIgnorePendingCustomDomainsAndRequireFallbackUntilActivation" />
    </UnitTest>
    <UnitTest name="Api.Tests.Bookings.NoShowBookingServiceTests.HandleAsync_ShouldRejectNoShowForNonConfirmedBooking" storage="c:\users\usuario\desktop\onetake\petcenter\apps\backend\api.tests\bin\debug\net10.0\api.tests.dll" id="00fc815b-cf2a-7d79-c6d3-25343e0f78c0">
      <Execution id="d5eed05b-cf9e-49e4-9cb1-5be05760fb3d" />
      <TestMethod codeBase="C:\Users\Usuario\Desktop\OneTake\petcenter\apps\backend\Api.Tests\bin\Debug\net10.0\Api.Tests.dll" adapterTypeName="executor://xunit/VsTestRunner2/netcoreapp" className="Api.Tests.Bookings.NoShowBookingServiceTests" name="HandleAsync_ShouldRejectNoShowForNonConfirmedBooking" />
    </UnitTest>
    <UnitTest name="Api.Tests.Empresas.GetEmpresaPublicProfileServiceTests.HandleAsync_ShouldExposeActiveDomainMonitoringContext" storage="c:\users\usuario\desktop\onetake\petcenter\apps\backend\api.tests\bin\debug\net10.0\api.tests.dll" id="e75ece3d-b68b-96ad-5c18-05f64c3a086e">
      <Execution id="b2a43950-0e79-475a-a220-34b2a78096db" />
      <TestMethod codeBase="C:\Users\Usuario\Desktop\OneTake\petcenter\apps\backend\Api.Tests\bin\Debug\net10.0\Api.Tests.dll" adapterTypeName="executor://xunit/VsTestRunner2/netcoreapp" className="Api.Tests.Empresas.GetEmpresaPublicProfileServiceTests" name="HandleAsync_ShouldExposeActiveDomainMonitoringContext" />
    </UnitTest>
    <UnitTest name="Api.Tests.Bookings.ListBookingFeedbackServiceTests.HandleAsync_ShouldRejectProfessionalFromAnotherTenant" storage="c:\users\usuario\desktop\onetake\petcenter\apps\backend\api.tests\bin\debug\net10.0\api.tests.dll" id="2a4199a6-037f-6eda-ab29-40ee904c6054">
      <Execution id="51ba1861-3a6a-40e9-b09e-c727fdf1eb99" />
      <TestMethod codeBase="C:\Users\Usuario\Desktop\OneTake\petcenter\apps\backend\Api.Tests\bin\Debug\net10.0\Api.Tests.dll" adapterTypeName="executor://xunit/VsTestRunner2/netcoreapp" className="Api.Tests.Bookings.ListBookingFeedbackServiceTests" name="HandleAsync_ShouldRejectProfessionalFromAnotherTenant" />
    </UnitTest>
    <UnitTest name="Api.Tests.Bookings.CreateBookingServiceTests.HandleAsync_ShouldRejectUnavailableSlots" storage="c:\users\usuario\desktop\onetake\petcenter\apps\backend\api.tests\bin\debug\net10.0\api.tests.dll" id="f91e736d-c5e8-5616-1eaa-0e7c075856dd">
      <Execution id="09f20b20-1a85-4e3b-a8c2-95f658caed30" />
      <TestMethod codeBase="C:\Users\Usuario\Desktop\OneTake\petcenter\apps\backend\Api.Tests\bin\Debug\net10.0\Api.Tests.dll" adapterTypeName="executor://xunit/VsTestRunner2/netcoreapp" className="Api.Tests.Bookings.CreateBookingServiceTests" name="HandleAsync_ShouldRejectUnavailableSlots" />
    </UnitTest>
    <UnitTest name="Api.Tests.Empresas.StorefrontDomainVerificationServiceTests.ProcessPendingAsync_ShouldKeepDnsVerifiedAndRetryTlsWhenHttpsIsNotReady" storage="c:\users\usuario\desktop\onetake\petcenter\apps\backend\api.tests\bin\debug\net10.0\api.tests.dll" id="3b526311-b7b7-19b8-5a7c-047bbb6c1896">
      <Execution id="653aadb5-e2ff-48d7-88cf-6974178b3cae" />
      <TestMethod codeBase="C:\Users\Usuario\Desktop\OneTake\petcenter\apps\backend\Api.Tests\bin\Debug\net10.0\Api.Tests.dll" adapterTypeName="executor://xunit/VsTestRunner2/netcoreapp" className="Api.Tests.Empresas.StorefrontDomainVerificationServiceTests" name="ProcessPendingAsync_ShouldKeepDnsVerifiedAndRetryTlsWhenHttpsIsNotReady" />
    </UnitTest>
    <UnitTest name="Api.Tests.Empresas.StorefrontDomainVerificationServiceTests.ProcessPendingAsync_ShouldHandOffApexDnsSuccessToTlsProvisioningAndActivateWhenHttpsIsReady" storage="c:\users\usuario\desktop\onetake\petcenter\apps\backend\api.tests\bin\debug\net10.0\api.tests.dll" id="bd48d441-efa2-1b86-9f5d-ff357e54d97f">
      <Execution id="71a03f25-2f01-4efe-8cbd-d2a3eb0ec722" />
      <TestMethod codeBase="C:\Users\Usuario\Desktop\OneTake\petcenter\apps\backend\Api.Tests\bin\Debug\net10.0\Api.Tests.dll" adapterTypeName="executor://xunit/VsTestRunner2/netcoreapp" className="Api.Tests.Empresas.StorefrontDomainVerificationServiceTests" name="ProcessPendingAsync_ShouldHandOffApexDnsSuccessToTlsProvisioningAndActivateWhenHttpsIsReady" />
    </UnitTest>
    <UnitTest name="Api.Tests.Empresas.ListPublicEmpresasRequestValidatorTests.Validate_ShouldRejectMinRatingOutsideScale(minRating: 5,1)" storage="c:\users\usuario\desktop\onetake\petcenter\apps\backend\api.tests\bin\debug\net10.0\api.tests.dll" id="cbb7d64f-8f55-f48f-4a45-d978a27a25b1">
      <Execution id="52a519d7-1728-4b04-9ca8-77e368568494" />
      <TestMethod codeBase="C:\Users\Usuario\Desktop\OneTake\petcenter\apps\backend\Api.Tests\bin\Debug\net10.0\Api.Tests.dll" adapterTypeName="executor://xunit/VsTestRunner2/netcoreapp" className="Api.Tests.Empresas.ListPublicEmpresasRequestValidatorTests" name="Validate_ShouldRejectMinRatingOutsideScale" />
    </UnitTest>
    <UnitTest name="Api.Tests.Empresas.UpdateEmpresaPublicProfileServiceTests.HandleAsync_ShouldResetAutomationStateWhenDesiredDomainChanges" storage="c:\users\usuario\desktop\onetake\petcenter\apps\backend\api.tests\bin\debug\net10.0\api.tests.dll" id="bef9f228-9870-c813-cccb-7abe1013f200">
      <Execution id="8f18409c-e564-43af-bf78-c59f53e52f54" />
      <TestMethod codeBase="C:\Users\Usuario\Desktop\OneTake\petcenter\apps\backend\Api.Tests\bin\Debug\net10.0\Api.Tests.dll" adapterTypeName="executor://xunit/VsTestRunner2/netcoreapp" className="Api.Tests.Empresas.UpdateEmpresaPublicProfileServiceTests" name="HandleAsync_ShouldResetAutomationStateWhenDesiredDomainChanges" />
    </UnitTest>
    <UnitTest name="Api.Tests.Bookings.CheckBookingStatusServiceTests.HandleAsync_ShouldReturnPublicStatusAcrossLifecycleStates(state: &quot;rejected&quot;)" storage="c:\users\usuario\desktop\onetake\petcenter\apps\backend\api.tests\bin\debug\net10.0\api.tests.dll" id="9562b7f9-c630-6680-5d8c-1d918629ba93">
      <Execution id="1b93f959-9983-4e2a-8ee2-8f60b5226239" />
      <TestMethod codeBase="C:\Users\Usuario\Desktop\OneTake\petcenter\apps\backend\Api.Tests\bin\Debug\net10.0\Api.Tests.dll" adapterTypeName="executor://xunit/VsTestRunner2/netcoreapp" className="Api.Tests.Bookings.CheckBookingStatusServiceTests" name="HandleAsync_ShouldReturnPublicStatusAcrossLifecycleStates" />
    </UnitTest>
    <UnitTest name="Api.Tests.Bookings.NoShowBookingRequestValidatorTests.Validate_ShouldRejectReasonLongerThan500Characters" storage="c:\users\usuario\desktop\onetake\petcenter\apps\backend\api.tests\bin\debug\net10.0\api.tests.dll" id="90327a30-c2e6-4158-260a-18d4a6d46fc4">
      <Execution id="9694bc9a-ad8f-4a1d-a8f7-01e4cb847100" />
      <TestMethod codeBase="C:\Users\Usuario\Desktop\OneTake\petcenter\apps\backend\Api.Tests\bin\Debug\net10.0\Api.Tests.dll" adapterTypeName="executor://xunit/VsTestRunner2/netcoreapp" className="Api.Tests.Bookings.NoShowBookingRequestValidatorTests" name="Validate_ShouldRejectReasonLongerThan500Characters" />
    </UnitTest>
    <UnitTest name="Api.Tests.Bookings.ListBookingsServiceTests.HandleAsync_ShouldFilterTenantBookingsByDateStateAndProfessional" storage="c:\users\usuario\desktop\onetake\petcenter\apps\backend\api.tests\bin\debug\net10.0\api.tests.dll" id="efe139e7-575d-001c-f674-a9a6eac3e9ca">
      <Execution id="ea551d42-d31b-4072-8d09-2e91291161eb" />
      <TestMethod codeBase="C:\Users\Usuario\Desktop\OneTake\petcenter\apps\backend\Api.Tests\bin\Debug\net10.0\Api.Tests.dll" adapterTypeName="executor://xunit/VsTestRunner2/netcoreapp" className="Api.Tests.Bookings.ListBookingsServiceTests" name="HandleAsync_ShouldFilterTenantBookingsByDateStateAndProfessional" />
    </UnitTest>
    <UnitTest name="Api.Tests.Empresas.UpdateEmpresaPublicProfileServiceTests.HandleAsync_ShouldAcceptApexCustomDomainAndReturnApexGuidance" storage="c:\users\usuario\desktop\onetake\petcenter\apps\backend\api.tests\bin\debug\net10.0\api.tests.dll" id="67b91720-30a0-c70c-fa1f-f7c87d1d05f3">
      <Execution id="071446f2-2c95-4a5a-b528-a87a1d17b21f" />
      <TestMethod codeBase="C:\Users\Usuario\Desktop\OneTake\petcenter\apps\backend\Api.Tests\bin\Debug\net10.0\Api.Tests.dll" adapterTypeName="executor://xunit/VsTestRunner2/netcoreapp" className="Api.Tests.Empresas.UpdateEmpresaPublicProfileServiceTests" name="HandleAsync_ShouldAcceptApexCustomDomainAndReturnApexGuidance" />
    </UnitTest>
    <UnitTest name="Api.Tests.Bookings.BookingLifecycleEventTests.HandleAsync_ShouldIgnoreLateQueueOutcomesAfterRequestedCancellation(useConfirmedEvent: False)" storage="c:\users\usuario\desktop\onetake\petcenter\apps\backend\api.tests\bin\debug\net10.0\api.tests.dll" id="2f1040ca-58e6-1b17-ed32-b3acf943c788">
      <Execution id="352678a9-0131-4f87-b921-490430bb88b2" />
      <TestMethod codeBase="C:\Users\Usuario\Desktop\OneTake\petcenter\apps\backend\Api.Tests\bin\Debug\net10.0\Api.Tests.dll" adapterTypeName="executor://xunit/VsTestRunner2/netcoreapp" className="Api.Tests.Bookings.BookingLifecycleEventTests" name="HandleAsync_ShouldIgnoreLateQueueOutcomesAfterRequestedCancellation" />
    </UnitTest>
    <UnitTest name="Api.Tests.Bookings.ListBookingFeedbackRequestValidatorTests.Request_ShouldNotExposeEmpresaIdForClientBinding" storage="c:\users\usuario\desktop\onetake\petcenter\apps\backend\api.tests\bin\debug\net10.0\api.tests.dll" id="736ded2a-17b4-894b-fd47-611e82d8a04f">
      <Execution id="8b90e847-07af-42cc-a396-2583b762ba4a" />
      <TestMethod codeBase="C:\Users\Usuario\Desktop\OneTake\petcenter\apps\backend\Api.Tests\bin\Debug\net10.0\Api.Tests.dll" adapterTypeName="executor://xunit/VsTestRunner2/netcoreapp" className="Api.Tests.Bookings.ListBookingFeedbackRequestValidatorTests" name="Request_ShouldNotExposeEmpresaIdForClientBinding" />
    </UnitTest>
    <UnitTest name="Api.Tests.Bookings.BookingStatusAccessTokenServiceTests.VerifyToken_ShouldReturnFalseForDifferentToken" storage="c:\users\usuario\desktop\onetake\petcenter\apps\backend\api.tests\bin\debug\net10.0\api.tests.dll" id="c85b9103-c5cd-1598-1844-843904e54231">
      <Execution id="f38d6a43-1727-4fe8-994c-42ee78a54395" />
      <TestMethod codeBase="C:\Users\Usuario\Desktop\OneTake\petcenter\apps\backend\Api.Tests\bin\Debug\net10.0\Api.Tests.dll" adapterTypeName="executor://xunit/VsTestRunner2/netcoreapp" className="Api.Tests.Bookings.BookingStatusAccessTokenServiceTests" name="VerifyToken_ShouldReturnFalseForDifferentToken" />
    </UnitTest>
    <UnitTest name="Api.Tests.Bookings.CompleteBookingServiceTests.HandleAsync_ShouldCompleteConfirmedBookingAndPersistFinalPrice" storage="c:\users\usuario\desktop\onetake\petcenter\apps\backend\api.tests\bin\debug\net10.0\api.tests.dll" id="ee05c916-2070-cffa-34ee-f3a5317d822f">
      <Execution id="ebf58f05-2adb-4a11-8df2-769499edbd92" />
      <TestMethod codeBase="C:\Users\Usuario\Desktop\OneTake\petcenter\apps\backend\Api.Tests\bin\Debug\net10.0\Api.Tests.dll" adapterTypeName="executor://xunit/VsTestRunner2/netcoreapp" className="Api.Tests.Bookings.CompleteBookingServiceTests" name="HandleAsync_ShouldCompleteConfirmedBookingAndPersistFinalPrice" />
    </UnitTest>
    <UnitTest name="Api.Tests.Bookings.BookingLifecycleEventTests.HandleAsync_ShouldIgnoreLateQueueOutcomesAfterRequestedCancellation(useConfirmedEvent: True)" storage="c:\users\usuario\desktop\onetake\petcenter\apps\backend\api.tests\bin\debug\net10.0\api.tests.dll" id="03e1b887-ca0a-8891-ede2-e708f627b4ab">
      <Execution id="c9fddb4b-a56e-47da-aa46-e1d5dfa5c34b" />
[...]
      <Execution id="d3a9f6aa-d2c6-4e8c-a6ee-a9e713b5ec57" />
      <TestMethod codeBase="C:\Users\Usuario\Desktop\OneTake\petcenter\apps\backend\Api.Tests\bin\Debug\net10.0\Api.Tests.dll" adapterTypeName="executor://xunit/VsTestRunner2/netcoreapp" className="Api.Tests.Bookings.NoShowBookingServiceTests" name="HandleAsync_ShouldMarkConfirmedBookingAsNoShow" />
    </UnitTest>
  </TestDefinitions>
  <TestEntries>
    <TestEntry testId="22358da8-974c-e5df-0bf9-3ce73b93335d" executionId="db657979-3cba-4c1b-9c5b-992bd70897a5" testListId="8c84fa94-04c1-424b-9868-57a2d4851a1d" />
    <TestEntry testId="b7252295-fb09-cf0a-a0c0-161bb0c775d4" executionId="f68f7bb7-e49a-4c33-8c40-36f5290da7c8" testListId="8c84fa94-04c1-424b-9868-57a2d4851a1d" />
    <TestEntry testId="3b8244e3-3ae2-16c7-2747-260e1dad14a1" executionId="fa1a3f2a-437a-4923-89d4-62535d7ff6ac" testListId="8c84fa94-04c1-424b-9868-57a2d4851a1d" />
    <TestEntry testId="cf56e72c-a54e-b6f0-e0e4-5f2ec045376c" executionId="9cd9d3e8-77bb-4e75-b61e-54613124518b" testListId="8c84fa94-04c1-424b-9868-57a2d4851a1d" />
    <TestEntry testId="c36f8915-b651-eeac-6f9b-f7d1fa7bbea9" executionId="9da84cce-bbb4-4fd1-8830-4df4c7b056ba" testListId="8c84fa94-04c1-424b-9868-57a2d4851a1d" />
    <TestEntry testId="4b068e8b-027a-cac0-60ed-7e0232859dd7" executionId="4a9af265-4ddc-45e8-86b3-7dfb6175dcc4" testListId="8c84fa94-04c1-424b-9868-57a2d4851a1d" />
    <TestEntry testId="6ea756b8-c635-047e-4ebc-b57953ef6307" executionId="476fa702-6fae-4719-9b5f-2ceca068f8d8" testListId="8c84fa94-04c1-424b-9868-57a2d4851a1d" />
    <TestEntry testId="bf5669aa-9eb9-d0b1-e6fe-438aebcb871b" executionId="3a824937-159b-463f-aaae-c40d7ecc29bb" testListId="8c84fa94-04c1-424b-9868-57a2d4851a1d" />
    <TestEntry testId="e1d6bbc4-07c7-97f2-9d5b-584eb04d364a" executionId="f8c19418-5218-41ac-a21f-48aafc21c29f" testListId="8c84fa94-04c1-424b-9868-57a2d4851a1d" />
    <TestEntry testId="06269f0e-ec32-56f4-4b4c-7922b7a75270" executionId="e8a0d93c-47bb-49bb-bb88-d43b28b63b2c" testListId="8c84fa94-04c1-424b-9868-57a2d4851a1d" />
    <TestEntry testId="d9f06cbe-b5bd-ff5d-476c-7d086c286959" executionId="938ed2e6-1dda-416f-a9a2-08ac43baf25b" testListId="8c84fa94-04c1-424b-9868-57a2d4851a1d" />
    <TestEntry testId="1e98ce8d-4c0b-dc84-fe48-ebdd8d3a4b1d" executionId="c483a8de-1cb4-42a3-a2dd-729f35043a8c" testListId="8c84fa94-04c1-424b-9868-57a2d4851a1d" />
    <TestEntry testId="9f9f48d7-5f2e-21fb-b4dc-4dfbe0fd5b86" executionId="d5c8d00a-f406-4872-a631-bfff0a45a391" testListId="8c84fa94-04c1-424b-9868-57a2d4851a1d" />
    <TestEntry testId="9e9f8815-b940-0571-dd69-b59bad63c478" executionId="3187c5aa-7ce3-459c-914a-f20dcaec6c81" testListId="8c84fa94-04c1-424b-9868-57a2d4851a1d" />
    <TestEntry testId="50bd9b1c-6209-b8cd-45c3-854a6d381330" executionId="5e29ecaa-51d6-4124-99be-a623d7a45fae" testListId="8c84fa94-04c1-424b-9868-57a2d4851a1d" />
    <TestEntry testId="21350474-629d-77e8-a163-56bb5085aaf0" executionId="19c5545b-d64e-4a20-a319-cb7cb7c89894" testListId="8c84fa94-04c1-424b-9868-57a2d4851a1d" />
    <TestEntry testId="0ab0896c-fee8-42c1-5f03-3765ae5865b2" executionId="ec72955d-3a8a-47f1-9b1a-3c0342ed572d" testListId="8c84fa94-04c1-424b-9868-57a2d4851a1d" />
    <TestEntry testId="ee05c916-2070-cffa-34ee-f3a5317d822f" executionId="ebf58f05-2adb-4a11-8df2-769499edbd92" testListId="8c84fa94-04c1-424b-9868-57a2d4851a1d" />
    <TestEntry testId="e2893d40-fcff-2336-9772-91463aaafb3c" executionId="2a8071db-d13e-46e4-a0ac-79f98053cf8f" testListId="8c84fa94-04c1-424b-9868-57a2d4851a1d" />
    <TestEntry testId="0bf4f439-7af1-d4ef-943f-c09bca484647" executionId="27a8acb6-b7a9-4719-b03f-68fbbf1ee531" testListId="8c84fa94-04c1-424b-9868-57a2d4851a1d" />
    <TestEntry testId="b4877c31-0e0f-ab72-c4fb-3d8334304dde" executionId="db954fb1-258d-49d6-97fa-7a0d837986ed" testListId="8c84fa94-04c1-424b-9868-57a2d4851a1d" />
    <TestEntry testId="cbb7d64f-8f55-f48f-4a45-d978a27a25b1" executionId="52a519d7-1728-4b04-9ca8-77e368568494" testListId="8c84fa94-04c1-424b-9868-57a2d4851a1d" />
    <TestEntry testId="771506f1-52d8-6124-340a-b1e32b4d00aa" executionId="6496b450-903f-406b-b7b2-aed78c3b7a62" testListId="8c84fa94-04c1-424b-9868-57a2d4851a1d" />
    <TestEntry testId="cf8ca2da-4af9-b7c8-67c5-f869289ffebd" executionId="5f6457cf-1ac1-4cc5-99b0-c3509c7d53aa" testListId="8c84fa94-04c1-424b-9868-57a2d4851a1d" />
    <TestEntry testId="ce5e73c7-5a1b-451c-fc29-f6072892cf2c" executionId="ef9b3940-1243-4724-85a6-bb16c9d48dce" testListId="8c84fa94-04c1-424b-9868-57a2d4851a1d" />
    <TestEntry testId="40005f34-46f4-ca47-0bf9-b76fd4fe0c4b" executionId="ec52fe77-baa1-4a15-a8f6-62cdf043dd80" testListId="8c84fa94-04c1-424b-9868-57a2d4851a1d" />
    <TestEntry testId="bef9f228-9870-c813-cccb-7abe1013f200" executionId="8f18409c-e564-43af-bf78-c59f53e52f54" testListId="8c84fa94-04c1-424b-9868-57a2d4851a1d" />
    <TestEntry testId="2f1040ca-58e6-1b17-ed32-b3acf943c788" executionId="352678a9-0131-4f87-b921-490430bb88b2" testListId="8c84fa94-04c1-424b-9868-57a2d4851a1d" />
    <TestEntry testId="c43a1b7f-28a2-5c35-0e62-8afb2535de0f" executionId="324930ce-c593-4f73-a7a1-8c4fca3a8683" testListId="8c84fa94-04c1-424b-9868-57a2d4851a1d" />
    <TestEntry testId="9562b7f9-c630-6680-5d8c-1d918629ba93" executionId="1b93f959-9983-4e2a-8ee2-8f60b5226239" testListId="8c84fa94-04c1-424b-9868-57a2d4851a1d" />
    <TestEntry testId="239746b5-1d40-40bc-c2ba-513baa2bb136" executionId="dd45973d-34c1-4891-8225-6ff7c657fbd3" testListId="8c84fa94-04c1-424b-9868-57a2d4851a1d" />
    <TestEntry testId="3b526311-b7b7-19b8-5a7c-047bbb6c1896" executionId="653aadb5-e2ff-48d7-88cf-6974178b3cae" testListId="8c84fa94-04c1-424b-9868-57a2d4851a1d" />
    <TestEntry testId="c3e8f390-f82b-892d-c661-008f523bc0c3" executionId="12e126c1-b9db-4e28-839a-73c4f7f0ec08" testListId="8c84fa94-04c1-424b-9868-57a2d4851a1d" />
    <TestEntry testId="a4244d7b-ed39-84d7-0127-bc791e3d2e9a" executionId="761297f1-5950-4532-84b1-e2dd084872ed" testListId="8c84fa94-04c1-424b-9868-57a2d4851a1d" />
    <TestEntry testId="ddb0cf33-06c3-60e0-d942-f7bda6f50c90" executionId="43e4d227-555c-4191-95b0-bcbabfc651b2" testListId="8c84fa94-04c1-424b-9868-57a2d4851a1d" />
    <TestEntry testId="658dc421-756e-52f5-9b74-5df9d8a74732" executionId="ebd3400d-9a25-4226-a898-37cdff9cf6ad" testListId="8c84fa94-04c1-424b-9868-57a2d4851a1d" />
    <TestEntry testId="e58c650e-5658-fbdc-3f16-000ff0dcbd94" executionId="921beda1-b763-441a-8e9e-463b0bb4088e" testListId="8c84fa94-04c1-424b-9868-57a2d4851a1d" />
    <TestEntry testId="7f2ba7a1-b838-2b6b-7c6d-a448464b4a2b" executionId="6bfc7690-0b0e-4ea5-8379-692a5945d3e8" testListId="8c84fa94-04c1-424b-9868-57a2d4851a1d" />
    <TestEntry testId="b812828b-0098-310e-fc3e-69ee171576f0" executionId="e49945ec-023b-4499-9eb1-f3501862e538" testListId="8c84fa94-04c1-424b-9868-57a2d4851a1d" />
    <TestEntry testId="d68a9777-92fd-1852-476b-b08a311f3e96" executionId="5343f92a-9da4-4e39-ba1d-a0cc2cfc019a" testListId="8c84fa94-04c1-424b-9868-57a2d4851a1d" />
    <TestEntry testId="f6e7016b-806a-10d0-e623-577afb01266c" executionId="18d3c390-7a68-417c-9951-16f2dc624c09" testListId="8c84fa94-04c1-424b-9868-57a2d4851a1d" />
    <TestEntry testId="67ae95d5-1e6b-1e6b-cf73-357b3cfb30f1" executionId="77706f4a-0dc2-4db9-b82f-ea1b77f18446" testListId="8c84fa94-04c1-424b-9868-57a2d4851a1d" />
    <TestEntry testId="00fc815b-cf2a-7d79-c6d3-25343e0f78c0" executionId="d5eed05b-cf9e-49e4-9cb1-5be05760fb3d" testListId="8c84fa94-04c1-424b-9868-57a2d4851a1d" />
    <TestEntry testId="b8759baa-2890-5b6d-2c77-ba6bfeca5e20" executionId="1d51b389-30cf-46fa-9be8-03a6a5e8bf2d" testListId="8c84fa94-04c1-424b-9868-57a2d4851a1d" />
    <TestEntry testId="313535e1-e8b7-a689-e698-863eafcc10ab" executionId="e73645e8-ec95-497e-bd74-fef99a401967" testListId="8c84fa94-04c1-424b-9868-57a2d4851a1d" />
    <TestEntry testId="469b5ac0-aee0-5382-2c4c-72cd1f82e5ab" executionId="d75f7cd9-7555-432d-adfd-408affdfed40" testListId="8c84fa94-04c1-424b-9868-57a2d4851a1d" />
    <TestEntry testId="736ded2a-17b4-894b-fd47-611e82d8a04f" executionId="8b90e847-07af-42cc-a396-2583b762ba4a" testListId="8c84fa94-04c1-424b-9868-57a2d4851a1d" />
    <TestEntry testId="820d5b29-0f99-819f-2dae-99d72394d66d" executionId="9af39ca7-467c-42f9-a65c-8572876ff765" testListId="8c84fa94-04c1-424b-9868-57a2d4851a1d" />
    <TestEntry testId="4fe331e0-fdfb-d9a9-a792-7b7a73e440c3" executionId="094589b9-7a63-4d94-9a41-f322d5a9644e" testListId="8c84fa94-04c1-424b-9868-57a2d4851a1d" />
    <TestEntry testId="0e5f0f8c-e5f5-2797-0fbb-7e3d22f252e2" executionId="b379258d-03b2-4480-9b79-d716c16a5da9" testListId="8c84fa94-04c1-424b-9868-57a2d4851a1d" />
    <TestEntry testId="b34eaa80-21df-3b2e-1604-c9efd841423d" executionId="02381848-acf7-446b-9c57-1fb46241bc00" testListId="8c84fa94-04c1-424b-9868-57a2d4851a1d" />
    <TestEntry testId="6855209b-0817-cc1a-b269-29a564734250" executionId="055bcec8-3977-4700-80eb-1268020e67fe" testListId="8c84fa94-04c1-424b-9868-57a2d4851a1d" />
    <TestEntry testId="c087aeee-9139-93fc-86f0-aafdf95103cb" executionId="d445b6c7-fa95-41e0-a8ab-11223ca74738" testListId="8c84fa94-04c1-424b-9868-57a2d4851a1d" />
    <TestEntry testId="49c9d8ad-9abf-fdf0-504e-8a3c044cc33e" executionId="40768851-8901-4fa9-a6e6-f4eeaf2dfdfc" testListId="8c84fa94-04c1-424b-9868-57a2d4851a1d" />
    <TestEntry testId="d6345a12-8cc2-7b38-3756-4b646054d85b" executionId="56975ae6-e92a-4a0b-8ba8-52e2f5042048" testListId="8c84fa94-04c1-424b-9868-57a2d4851a1d" />
    <TestEntry testId="62a56055-0566-e6b4-a482-f324060943d8" executionId="7d554e53-82a7-47be-a0df-43547457ba7e" testListId="8c84fa94-04c1-424b-9868-57a2d4851a1d" />
    <TestEntry testId="66c5536c-f3bc-8f1e-0da5-f39be41942f4" executionId="724d69fa-bc48-46c6-804d-68e58b9067d5" testListId="8c84fa94-04c1-424b-9868-57a2d4851a1d" />
    <TestEntry testId="b4e9e486-6d66-7aff-d354-ce8a3ffdcddb" executionId="711f2284-afc2-4ea3-bfaa-19e38863e730" testListId="8c84fa94-04c1-424b-9868-57a2d4851a1d" />
    <TestEntry testId="76761347-d6e4-5bd9-f931-ddef20611dfe" executionId="6474b0df-3e14-4e54-8b95-fec248927fbf" testListId="8c84fa94-04c1-424b-9868-57a2d4851a1d" />
    <TestEntry testId="73afec6d-e1fa-f4b3-55fb-a84679148876" executionId="5bda261d-9602-4309-9395-4acd59af700d" testListId="8c84fa94-04c1-424b-9868-57a2d4851a1d" />
    <TestEntry testId="671a2968-3cd3-cf51-b5dd-3abdbff0fe81" executionId="61ad05e5-6160-4b11-b6f4-f452433bbb90" testListId="8c84fa94-04c1-424b-9868-57a2d4851a1d" />
    <TestEntry testId="3640b838-f41d-a9f8-f6ad-410f84d686f7" executionId="84333b1f-c695-4437-96bf-183f5c8b8ccc" testListId="8c84fa94-04c1-424b-9868-57a2d4851a1d" />
    <TestEntry testId="efe139e7-575d-001c-f674-a9a6eac3e9ca" executionId="ea551d42-d31b-4072-8d09-2e91291161eb" testListId="8c84fa94-04c1-424b-9868-57a2d4851a1d" />
    <TestEntry testId="c85b9103-c5cd-1598-1844-843904e54231" executionId="f38d6a43-1727-4fe8-994c-42ee78a54395" testListId="8c84fa94-04c1-424b-9868-57a2d4851a1d" />
    <TestEntry testId="ddbbc066-6d17-b55e-8e14-56d82479802c" executionId="c4f279b4-0e46-49f1-a832-4131e672afdb" testListId="8c84fa94-04c1-424b-9868-57a2d4851a1d" />
    <TestEntry testId="2e8f8db7-52ec-84ee-2524-00d89fca323e" executionId="ad41be66-8810-4068-80f4-22d693998667" testListId="8c84fa94-04c1-424b-9868-57a2d4851a1d" />
    <TestEntry testId="2a4199a6-037f-6eda-ab29-40ee904c6054" executionId="51ba1861-3a6a-40e9-b09e-c727fdf1eb99" testListId="8c84fa94-04c1-424b-9868-57a2d4851a1d" />
    <TestEntry testId="a7f1962e-eb03-d961-8b40-9fb21af52e71" executionId="d4dc1a59-c0de-4bf6-ae62-34b7246b4176" testListId="8c84fa94-04c1-424b-9868-57a2d4851a1d" />
    <TestEntry testId="bd48d441-efa2-1b86-9f5d-ff357e54d97f" executionId="71a03f25-2f01-4efe-8cbd-d2a3eb0ec722" testListId="8c84fa94-04c1-424b-9868-57a2d4851a1d" />
    <TestEntry testId="90327a30-c2e6-4158-260a-18d4a6d46fc4" executionId="9694bc9a-ad8f-4a1d-a8f7-01e4cb847100" testListId="8c84fa94-04c1-424b-9868-57a2d4851a1d" />
    <TestEntry testId="80ec0a65-eae0-5f6b-0700-86c713074ae5" executionId="556cabf9-e7d1-4573-951d-b43aebcdd148" testListId="8c84fa94-04c1-424b-9868-57a2d4851a1d" />
    <TestEntry testId="93fd68bf-ef0b-6d2a-26fd-f00bc1a58c96" executionId="d6544c19-5786-4506-8b46-ccbe465e0aaa" testListId="8c84fa94-04c1-424b-9868-57a2d4851a1d" />
    <TestEntry testId="f8470fef-8193-3e2a-9024-9f11bd4c91bc" executionId="4c002117-13e2-4e07-bc21-55981de7f115" testListId="8c84fa94-04c1-424b-9868-57a2d4851a1d" />
    <TestEntry testId="c14ddbcf-bd04-d8e8-cec6-392a307f26b3" executionId="79280e99-1c72-41a4-a492-90360db86a57" testListId="8c84fa94-04c1-424b-9868-57a2d4851a1d" />
    <TestEntry testId="7c115dd1-73f3-a0b7-09ef-e28ec58f9f51" executionId="1946fb4f-46bf-4d2d-882a-448a61090163" testListId="8c84fa94-04c1-424b-9868-57a2d4851a1d" />
    <TestEntry testId="103824a7-cf29-2e6a-5f16-03d14e8e3eb4" executionId="477984e1-f887-409d-94af-fb92437e9614" testListId="8c84fa94-04c1-424b-9868-57a2d4851a1d" />
    <TestEntry testId="81eac14b-f6a5-2726-bc39-9f7bfe80a024" executionId="1ac5b15a-22f0-4a0c-90cd-b3f6093851de" testListId="8c84fa94-04c1-424b-9868-57a2d4851a1d" />
    <TestEntry testId="e75ece3d-b68b-96ad-5c18-05f64c3a086e" executionId="b2a43950-0e79-475a-a220-34b2a78096db" testListId="8c84fa94-04c1-424b-9868-57a2d4851a1d" />
    <TestEntry testId="a0d237c9-1004-242e-ef66-c953264aff46" executionId="dd525aed-a6a5-477b-b3d4-5338bfc3f5ae" testListId="8c84fa94-04c1-424b-9868-57a2d4851a1d" />
    <TestEntry testId="44f7a0ec-ffa1-d0c1-9b5f-ba2fc90ef2bd" executionId="d3a9f6aa-d2c6-4e8c-a6ee-a9e713b5ec57" testListId="8c84fa94-04c1-424b-9868-57a2d4851a1d" />
    <TestEntry testId="047491a9-7579-787c-21a6-4766fa1e98c6" executionId="dbf6a74c-4487-4a5c-894b-5acee2543fea" testListId="8c84fa94-04c1-424b-9868-57a2d4851a1d" />
    <TestEntry testId="18e56877-13f5-36a6-789d-644b35c6d0f8" executionId="12c2f64f-f948-4d62-9c52-39cc7d498c26" testListId="8c84fa94-04c1-424b-9868-57a2d4851a1d" />
    <TestEntry testId="7c529c0c-e921-6d64-b92e-85e219c12d6d" executionId="758983ec-0c20-4019-bafa-9cb5fd602cd7" testListId="8c84fa94-04c1-424b-9868-57a2d4851a1d" />
    <TestEntry testId="81d33438-3877-61ad-747b-9693adec3833" executionId="2f32a9da-34cc-490b-80d3-87f2ead5b4ed" testListId="8c84fa94-04c1-424b-9868-57a2d4851a1d" />
    <TestEntry testId="03e1b887-ca0a-8891-ede2-e708f627b4ab" executionId="c9fddb4b-a56e-47da-aa46-e1d5dfa5c34b" testListId="8c84fa94-04c1-424b-9868-57a2d4851a1d" />
    <TestEntry testId="af75cb95-b54d-b10d-00fa-f253fa3b84e6" executionId="2e6e81e5-306b-4a0f-a720-b55aab4da151" testListId="8c84fa94-04c1-424b-9868-57a2d4851a1d" />
    <TestEntry testId="f91e736d-c5e8-5616-1eaa-0e7c075856dd" executionId="09f20b20-1a85-4e3b-a8c2-95f658caed30" testListId="8c84fa94-04c1-424b-9868-57a2d4851a1d" />
    <TestEntry testId="57fb43e6-2ba1-29c4-596a-e93aa0326252" executionId="c6828dcc-12e1-47f7-ba3b-756af3e76db6" testListId="8c84fa94-04c1-424b-9868-57a2d4851a1d" />
    <TestEntry testId="b1a6cd04-2531-dc5d-a562-c4e08e08bd09" executionId="3bb761cd-0768-43c8-944e-bb842b69ddca" testListId="8c84fa94-04c1-424b-9868-57a2d4851a1d" />
    <TestEntry testId="67b91720-30a0-c70c-fa1f-f7c87d1d05f3" executionId="071446f2-2c95-4a5a-b528-a87a1d17b21f" testListId="8c84fa94-04c1-424b-9868-57a2d4851a1d" />
    <TestEntry testId="fa7351a4-d19f-a990-c7a8-ac392e9c11c3" executionId="24ee6626-89d8-4a56-b017-21362198525d" testListId="8c84fa94-04c1-424b-9868-57a2d4851a1d" />
    <TestEntry testId="8cf7e8c0-c72b-3f87-3228-1713de2a9276" executionId="a709480b-69fc-4f1f-bdef-4936161e6ce6" testListId="8c84fa94-04c1-424b-9868-57a2d4851a1d" />
    <TestEntry testId="3291b965-bbf8-9203-b375-1f07d4368dd6" executionId="18766af6-d8b3-4ccd-9f90-345ed2c165f9" testListId="8c84fa94-04c1-424b-9868-57a2d4851a1d" />
    <TestEntry testId="02a1ac88-c3ee-365b-31d8-d2305783daf6" executionId="1df44ef6-a613-485e-b64e-1079d992774b" testListId="8c84fa94-04c1-424b-9868-57a2d4851a1d" />
    <TestEntry testId="f6131842-3fe6-ffa0-5ae7-5b9af2b26a2e" executionId="21c7c72a-c58f-46d6-bee7-47dafb12f412" testListId="8c84fa94-04c1-424b-9868-57a2d4851a1d" />
    <TestEntry testId="deace519-a0d4-e724-f979-52446898187c" executionId="b19fdb11-c5af-42f9-a051-04dd2a406d44" testListId="8c84fa94-04c1-424b-9868-57a2d4851a1d" />
    <TestEntry testId="700e67eb-e66c-383d-272c-4b038ddd8a65" executionId="090627ea-fe5c-42aa-a79f-6f7cd88c8f07" testListId="8c84fa94-04c1-424b-9868-57a2d4851a1d" />
    <TestEntry testId="bd65ff2e-07ac-5f28-d844-54eaaf3230bf" executionId="d556dd52-3e8d-4f0d-8124-2d337f2c54b0" testListId="8c84fa94-04c1-424b-9868-57a2d4851a1d" />
    <TestEntry testId="052bb641-cae9-1220-6ae9-ce776de3746b" executionId="56311722-8117-4004-b44f-c776b3ffaf0e" testListId="8c84fa94-04c1-424b-9868-57a2d4851a1d" />
    <TestEntry testId="14ce3c32-38b4-2f83-7f6e-358e540150ec" executionId="e2fb4b5d-61de-44d3-9705-41603eccaab8" testListId="8c84fa94-04c1-424b-9868-57a2d4851a1d" />
    <TestEntry testId="57d02f43-3407-dc8f-cc7b-6d6280190650" executionId="0c0cbf91-22f8-4167-a74e-7c1fa92e418c" testListId="8c84fa94-04c1-424b-9868-57a2d4851a1d" />
  </TestEntries>
  <TestLists>
    <TestList name="Resultados que não estão em uma lista" id="8c84fa94-04c1-424b-9868-57a2d4851a1d" />
    <TestList name="Todos os resultados carregados" id="19431567-8539-422a-85d7-44ee4e166bda" />
  </TestLists>
  <ResultSummary outcome="Completed">
    <Counters total="101" executed="101" passed="101" failed="0" error="0" timeout="0" aborted="0" inconclusive="0" passedButRunAborted="0" notRunnable="0" notExecuted="0" disconnected="0" warning="0" completed="0" inProgress="0" pending="0" />
    <Output>
      <StdOut>[xUnit.net 00:00:00.00] xUnit.net VSTest Adapter v2.8.2+699d445a1a (64-bit .NET 10.0.8)&#xD;
[xUnit.net 00:00:00.07]   Discovering: Api.Tests&#xD;
[xUnit.net 00:00:00.13]   Discovered:  Api.Tests&#xD;
[xUnit.net 00:00:00.13]   Starting:    Api.Tests&#xD;
info: Api.Modules.Empresas.Infrastructure.InMemoryNotificationPublisher[0]&#xD;
      [InMemoryPublisher] Sending domain notification to Empresa fe381651-85a4-4519-b1f4-7b0a7e94a4d5 (attempt 1) - degraded example.net&#xD;
info: Api.Modules.Empresas.Infrastructure.InMemoryNotificationPublisher[0]&#xD;
      [InMemoryPublisher] Sending domain notification to Empresa fe381651-85a4-4519-b1f4-7b0a7e94a4d5 (attempt 2) - degraded example.net&#xD;
info: Api.Modules.Empresas.Infrastructure.InMemoryNotificationPublisher[0]&#xD;
      [InMemoryPublisher] Sending domain notification to Empresa fe381651-85a4-4519-b1f4-7b0a7e94a4d5 (attempt 3) - degraded example.net&#xD;
info: Api.Modules.Empresas.Infrastructure.InMemoryNotificationPublisher[0]&#xD;
      [InMemoryPublisher] Recorded domain notification for Empresa fe381651-85a4-4519-b1f4-7b0a7e94a4d5: degraded example.net (result=sent attempts=3)&#xD;
info: Api.Modules.Empresas.Infrastructure.EmailNotificationProvider[0]&#xD;
      Skipping duplicate domain notification for Empresa ca08d4df-44ab-42d9-9a16-76cc9750aaba: degraded&#xD;
info: Api.Modules.Empresas.Infrastructure.EmailNotificationProvider[0]&#xD;
      Publishing domain notification request for Empresa 8f8cd2c7-e353-491b-ad24-fe8fdf2040d2 - degraded example.org&#xD;
info: Api.Modules.Empresas.Infrastructure.InMemoryNotificationPublisher[0]&#xD;
      [InMemoryPublisher] Sending domain notification to Empresa 8f8cd2c7-e353-491b-ad24-fe8fdf2040d2 (attempt 1) - degraded example.org&#xD;
info: Api.Modules.Empresas.Infrastructure.InMemoryNotificationPublisher[0]&#xD;
      [InMemoryPublisher] Recorded domain notification for Empresa 8f8cd2c7-e353-491b-ad24-fe8fdf2040d2: degraded example.org (result=sent attempts=1)&#xD;
[xUnit.net 00:00:04.03]   Finished:    Api.Tests&#xD;
</StdOut>
    </Output>
  </ResultSummary>
</TestRun>